VRLOG
Date	Time	U panels	U acku	I out	I in	P out	P in
2014-7-21	12:40:31	29.578588	12.417862	3.694840	6.999512	45.882008	207.035675

2014-7-21	12:41:01	29.382715	12.423773	3.402086	7.053223	42.266743	207.242828

2014-7-21	12:41:31	29.464024	12.429683	3.605125	7.038574	44.810566	207.384720

2014-7-21	12:42:01	29.423365	12.437564	3.678314	7.048340	45.749264	207.385880

2014-7-21	12:42:32	29.386412	12.447413	3.521312	7.062988	43.831230	207.555878

2014-7-21	12:43:02	29.401194	12.457264	3.395003	7.094727	42.292450	208.593430

2014-7-21	12:43:32	29.258909	12.455295	3.673591	7.109375	45.755661	208.012558

2014-7-21	12:44:02	29.373478	12.459233	3.731434	7.111816	46.490807	208.898788

2014-7-21	12:44:32	29.196081	12.455295	3.399725	7.155762	42.344582	208.920197

2014-7-21	12:45:02	29.184998	12.461204	3.587419	7.158203	44.703556	208.912140

2014-7-21	12:45:32	29.244131	12.463174	3.700742	7.150879	46.122993	209.121246

2014-7-21	12:46:02	29.242277	12.469083	3.409168	7.199707	42.509201	210.535828

2014-7-21	12:46:32	29.231192	12.469083	3.498883	7.211914	43.627869	210.812836

2014-7-21	12:47:02	29.251516	12.469083	3.491801	7.229004	43.539555	211.459320

2014-7-21	12:47:32	29.275541	12.469083	3.514229	7.204590	43.819218	210.918274

2014-7-21	12:48:02	29.070423	12.467113	3.582696	7.280273	44.665882	211.640625

2014-7-21	12:48:32	29.114780	12.467113	3.579155	7.236328	44.621731	210.684097

2014-7-21	12:49:02	29.000200	12.469083	3.585057	7.263184	44.702377	210.633774

2014-7-21	12:49:32	29.070431	12.469083	3.592140	7.233887	44.790691	210.292206

2014-7-21	12:50:02	29.024231	12.469083	3.402086	7.309570	42.420891	212.154663

2014-7-21	12:50:32	29.059340	12.469083	3.384379	7.270508	42.200104	211.276154

2014-7-21	12:51:02	29.064886	12.469083	3.260431	7.290039	40.654583	211.884155

2014-7-21	12:51:32	28.983578	12.469083	3.348965	7.324219	41.758526	212.282059

2014-7-21	12:52:02	29.077822	12.469083	3.652344	7.333984	45.541374	213.256287

2014-7-21	12:52:32	28.920748	12.469083	3.577975	7.370605	44.614063	213.163422

2014-7-21	12:53:03	29.114780	12.469083	3.540200	7.358398	44.143040	214.238159

2014-7-21	12:53:33	29.026079	12.469083	3.334800	7.365723	41.581898	213.798050

2014-7-21	12:54:03	29.116619	12.469083	3.341883	7.380371	41.670216	214.891449

2014-7-21	12:54:33	28.978033	12.469083	3.223837	7.409668	40.198288	214.717606

2014-7-21	12:55:03	30.846220	12.441500	3.435139	5.690918	42.738277	175.543304

2014-7-21	12:55:33	32.538857	12.360740	4.040715	4.414062	49.946224	143.628540

2014-7-21	12:56:03	32.538860	12.356800	3.769210	4.565430	46.575371	148.553879

2014-7-21	12:56:33	32.540707	12.348920	3.851841	4.621582	47.566082	150.389542

2014-7-21	12:57:03	32.540707	12.350890	3.430417	4.653320	42.368702	151.422333

2014-7-21	12:57:33	32.540707	12.352859	3.589779	4.765625	44.344036	155.076797

2014-7-21	12:58:03	32.538860	12.360739	3.721990	4.880371	46.006550	158.801712

2014-7-21	12:58:33	32.540707	12.366648	3.490621	4.858398	43.167278	158.095718

2014-7-21	12:59:03	32.535160	12.360739	3.455207	4.719238	42.708908	153.541168

2014-7-21	12:59:33	32.538860	12.350890	3.425695	4.531250	42.310383	147.441711

2014-7-21	13:00:03	32.537010	12.348921	3.661788	4.541016	45.219128	147.751068

2014-7-21	13:00:33	32.538857	12.362710	3.560267	4.733887	44.014553	154.035263

2014-7-21	13:01:03	32.538860	12.352859	3.505967	4.511719	43.308712	146.806183

2014-7-21	13:01:33	32.537010	12.358768	3.491801	4.611816	43.154362	150.054718

2014-7-21	13:02:03	32.538857	12.356799	3.560268	4.729004	43.993511	153.876373

2014-7-21	13:02:33	32.538860	12.362708	3.483538	4.714355	43.065964	153.399750

2014-7-21	13:03:03	32.538860	12.350890	3.449304	4.626465	42.601974	150.539886

2014-7-21	13:03:34	32.538860	12.356799	3.228559	4.655762	39.894650	151.493179

2014-7-21	13:04:04	32.540707	12.362708	3.419793	4.685059	42.277897	152.455124

2014-7-21	13:04:34	32.538860	12.362708	3.459928	4.682617	42.774082	152.367020

2014-7-21	13:05:04	32.535160	12.362707	3.714908	4.631348	45.926323	150.681641

2014-7-21	13:05:34	32.537010	12.364679	3.600403	4.565430	44.517834	148.545425

2014-7-21	13:06:04	32.535160	12.360738	3.609847	4.514160	44.620377	146.868927

2014-7-21	13:06:34	32.535160	12.364679	3.488260	4.526367	43.131214	147.266083

2014-7-21	13:07:04	32.537006	12.362710	3.593320	4.606934	44.423176	149.895828

2014-7-21	13:07:34	32.537010	12.360739	3.334800	4.606934	41.220585	149.895844

2014-7-21	13:08:04	32.540707	12.358769	3.273416	4.497070	40.455395	146.337845

2014-7-21	13:08:34	32.535160	12.350890	3.268694	4.477539	40.371284	145.677444

2014-7-21	13:09:04	32.533314	12.348921	3.365492	4.311523	41.560188	140.268143

2014-7-21	13:09:34	32.525925	12.358768	3.576794	4.482422	44.204769	145.794922

2014-7-21	13:10:04	32.533310	12.368617	3.419793	4.536133	42.298107	147.575409

2014-7-21	13:10:34	32.537010	12.394224	3.365491	4.677734	41.712650	152.199493

2014-7-21	13:11:04	32.538860	12.394224	3.242724	4.592285	40.191051	149.427719

2014-7-21	13:11:34	32.529613	12.388316	3.428056	4.592285	42.467842	149.385254

2014-7-21	13:12:04	32.529617	12.390285	3.517771	4.599609	43.586185	149.623535

2014-7-21	13:12:34	32.527767	12.390285	3.353687	4.584961	41.553143	149.138535

2014-7-21	13:13:04	32.533314	12.398164	3.243905	4.587402	40.218460	149.243393

2014-7-21	13:13:34	32.535164	12.372559	3.278137	4.592285	40.558949	149.410751

2014-7-21	13:14:04	32.529613	12.372559	3.477636	4.382324	43.027252	142.555313

2014-7-21	13:14:35	32.537010	12.352859	3.463470	4.370117	42.783756	142.190552

2014-7-21	13:15:05	32.535160	12.352859	3.322995	4.433594	41.048496	144.247681

2014-7-21	13:15:35	32.535164	12.360739	3.212032	4.565430	39.703087	148.537003

2014-7-21	13:16:05	32.531460	12.384376	3.225017	4.421387	39.939823	143.834167

2014-7-21	13:16:35	32.540707	12.384376	3.249807	4.448242	40.246826	144.748947

2014-7-21	13:17:05	32.538857	12.396194	3.370213	4.465332	41.777821	145.296799

2014-7-21	13:17:35	32.538857	12.394224	3.194325	4.448242	39.591175	144.740707

2014-7-21	13:18:05	32.540707	12.392255	3.173077	4.448242	39.321575	144.748947

2014-7-21	13:18:35	32.537010	12.396194	3.177799	4.650879	39.392609	151.325699

2014-7-21	13:19:05	32.540707	12.396194	3.227378	4.606934	40.007206	149.912872

2014-7-21	13:19:35	32.535160	12.400134	3.228558	4.621582	40.034557	150.363907

2014-7-21	13:20:05	32.540707	12.396194	3.352506	4.589844	41.558315	149.356766

2014-7-21	13:20:35	32.535164	12.404073	3.391462	4.558105	42.067936	148.298706

2014-7-21	13:21:05	32.540707	12.392256	3.441041	4.331055	42.642262	140.935577

2014-7-21	13:21:35	32.538857	12.386346	3.398544	4.340820	42.095547	141.245331

2014-7-21	13:22:05	32.540707	12.386346	3.256889	4.382324	40.340958	142.603928

2014-7-21	13:22:35	32.538860	12.404074	3.234461	4.487305	40.120495	146.011780

2014-7-21	13:23:05	32.538860	12.406043	3.188423	4.455566	39.555714	144.979050

2014-7-21	13:23:35	32.538860	12.402103	3.171896	4.438477	39.338188	144.422974

2014-7-21	13:24:05	32.540707	12.390285	3.156550	4.470215	39.110561	145.463943

2014-7-21	13:24:35	32.537010	12.382406	3.341882	4.326172	41.380539	140.760696

2014-7-21	13:25:06	32.537010	12.388316	3.334800	4.431152	41.312553	144.176453

2014-7-21	13:25:36	32.538857	12.398164	3.147107	4.433594	39.018345	144.264069

2014-7-21	13:26:06	32.538860	12.388316	3.153009	4.226074	39.060467	137.511642

2014-7-21	13:26:36	32.538857	12.394224	3.344244	4.379883	41.449303	142.516373

2014-7-21	13:27:06	32.540707	12.400134	3.190784	4.289551	39.566151	139.585007

2014-7-21	13:27:36	32.535164	12.402103	3.102249	4.230957	38.474419	137.654877

2014-7-21	13:28:06	32.537010	12.400134	3.122317	4.238281	38.717152	137.901001

2014-7-21	13:28:36	32.537010	12.398164	3.117595	4.426270	38.652454	144.017578

2014-7-21	13:29:06	32.537010	12.400134	3.083362	4.387207	38.234097	142.746597

2014-7-21	13:29:36	32.535164	12.398164	3.191965	4.377441	39.574505	142.420776

2014-7-21	13:30:06	32.540707	12.402103	3.384379	4.421387	41.973419	143.875046

2014-7-21	13:30:36	32.535164	12.400134	3.235641	4.545898	40.122383	147.901550

2014-7-21	13:31:06	32.537010	12.406043	3.217934	4.311523	39.921833	140.284088

2014-7-21	13:31:36	32.535164	12.400134	3.114054	4.091797	38.614685	133.127289

2014-7-21	13:32:06	32.533310	12.396194	3.088084	4.157715	38.280491	135.264221

2014-7-21	13:32:36	32.529617	12.392255	3.292304	4.116211	40.799068	133.898773

2014-7-21	13:33:06	32.537010	12.406043	3.253348	4.250488	40.361176	138.298187

2014-7-21	13:33:36	32.531467	12.396194	3.313551	4.318848	41.075424	140.498459

2014-7-21	13:34:06	32.531467	12.382405	3.335980	4.250488	41.307461	138.274628

2014-7-21	13:34:36	32.529613	12.400134	3.317093	4.331055	41.132401	140.887527

2014-7-21	13:35:06	32.537010	12.409983	3.273416	4.394531	40.623032	142.984909

2014-7-21	13:35:37	32.533314	12.404073	3.217934	4.218750	39.915489	137.249924

2014-7-21	13:36:07	32.529613	12.404073	3.073918	4.196777	38.129105	136.519547

2014-7-21	13:36:37	32.535164	12.404073	3.169535	4.157715	39.315144	135.271927

2014-7-21	13:37:07	32.537010	12.400133	3.308830	4.230957	41.029930	137.662689

2014-7-21	13:37:37	32.531464	12.404074	3.334800	4.182129	41.365105	136.050781

2014-7-21	13:38:07	32.533314	12.408013	3.265152	4.296875	40.514053	139.791580

2014-7-21	13:38:37	32.535164	12.402103	3.096347	4.108887	38.401218	133.683304

2014-7-21	13:39:07	32.533314	12.398164	3.190784	4.179688	39.559860	135.979080

2014-7-21	13:39:37	32.533310	12.402103	3.289943	4.160156	40.802212	135.343658

2014-7-21	13:40:07	32.531467	12.402105	3.207310	4.194336	39.777397	136.447906

2014-7-21	13:40:37	32.520378	12.408013	3.088084	4.311523	38.316990	140.212372

2014-7-21	13:41:07	32.531467	12.390285	3.069196	4.140625	38.028221	134.700607

2014-7-21	13:41:37	32.527767	12.392255	3.098707	4.094238	38.399971	133.176422

2014-7-21	13:42:07	32.520370	12.392254	3.099889	4.421387	38.414604	143.785141

2014-7-21	13:42:37	32.514828	12.413922	3.226197	4.694824	40.049763	152.651398

2014-7-21	13:43:07	32.522217	12.408013	3.247445	4.326172	40.294346	140.696701

2014-7-21	13:43:37	32.511135	12.406043	3.260431	4.162598	40.449047	135.330780

2014-7-21	13:44:07	32.505589	12.408013	3.255708	4.106445	40.396873	133.482422

2014-7-21	13:44:37	32.509285	12.408013	3.056211	4.125977	37.921505	134.132553

2014-7-21	13:45:07	32.516678	12.409983	3.184882	4.538574	39.524326	147.579361

2014-7-21	13:45:37	32.503738	12.411953	3.071557	4.548340	38.124023	147.838043

2014-7-21	13:46:08	32.501888	12.419833	3.176618	4.782715	39.453064	155.447266

2014-7-21	13:46:38	32.512981	12.437562	3.039685	4.770508	37.806267	155.103439

2014-7-21	13:47:08	32.501884	12.431653	3.240363	4.724121	40.283070	153.542831

2014-7-21	13:47:38	32.500042	12.413922	3.286401	4.399414	40.797123	142.981140

2014-7-21	13:48:08	32.492638	12.411953	3.317093	4.375000	41.171597	142.155289

2014-7-21	13:48:38	32.501892	12.408013	3.248626	4.045410	40.308990	131.483490

2014-7-21	13:49:08	32.509285	12.408013	3.236821	4.191895	40.162525	136.275497

2014-7-21	13:49:38	32.505581	12.408013	3.284040	4.165039	40.748413	135.387009

2014-7-21	13:50:08	32.501888	12.409983	3.258070	4.108887	40.432590	133.546570

2014-7-21	13:50:38	32.505589	12.400133	3.020797	3.952637	37.458286	128.482788

2014-7-21	13:51:08	32.505581	12.402103	3.052670	3.925781	37.859528	127.609802

2014-7-21	13:51:38	32.505581	12.402103	3.060933	4.094238	37.962006	133.085587

2014-7-21	13:52:08	32.498188	12.409983	3.145926	4.355469	39.040894	141.544846

2014-7-21	13:52:38	32.498184	12.408013	3.248626	4.221191	40.309002	137.181061

2014-7-21	13:53:08	32.507427	12.406043	3.241544	3.989258	40.214729	129.680511

2014-7-21	13:53:38	32.492638	12.402103	3.226197	3.908691	40.011635	127.003693

2014-7-21	13:54:08	32.500038	12.406043	3.013714	3.937988	37.388271	127.984772

2014-7-21	13:54:38	32.490795	12.402103	3.119956	3.959961	38.694016	128.662277

2014-7-21	13:55:08	32.494495	12.408013	3.019617	4.206543	37.467453	136.689484

2014-7-21	13:55:38	32.487099	12.408013	3.125858	4.389648	38.785690	142.606949

2014-7-21	13:56:08	32.490788	12.408013	3.161273	4.172363	39.225113	135.563370

2014-7-21	13:56:38	32.487103	12.406042	3.068016	4.309082	38.061935	139.989594

2014-7-21	13:57:09	32.492641	12.408013	3.092805	4.082031	38.375565	132.635971

2014-7-21	13:57:39	32.487095	12.406043	3.239182	4.011230	40.185432	130.313232

2014-7-21	13:58:09	32.485245	12.408013	3.209671	3.994141	39.825642	129.750641

2014-7-21	13:58:39	32.488945	12.402103	3.077460	4.064941	38.166973	132.065659

2014-7-21	13:59:09	32.487099	12.408013	3.072737	3.964844	38.126568	128.806274

2014-7-21	13:59:39	32.487103	12.406043	3.023159	3.889160	37.505440	126.347542

2014-7-21	14:00:09	32.490791	12.409983	3.089264	3.984375	38.337711	129.455490

2014-7-21	14:00:39	32.487095	12.404073	3.236822	4.018555	40.149773	130.551163

2014-7-21	14:01:09	32.485245	12.406042	3.017256	3.952637	37.432209	128.402374

2014-7-21	14:01:39	32.487095	12.408013	3.110512	3.986816	38.595276	129.520081

2014-7-21	14:02:09	32.485245	12.398164	3.196686	3.898926	39.633034	126.657555

2014-7-21	14:02:39	32.483398	12.402104	3.226198	3.947754	40.011642	128.236465

2014-7-21	14:03:09	32.487095	12.406043	3.135302	3.815918	38.896694	123.968086

2014-7-21	14:03:39	32.481552	12.408013	3.190784	3.811035	39.591290	123.788338

2014-7-21	14:04:09	32.487095	12.404074	3.027880	3.742676	37.558048	121.588661

2014-7-21	14:04:39	32.485245	12.406043	3.017256	4.003906	37.432209	130.067871

2014-7-21	14:05:09	32.485245	12.406043	2.992466	3.955078	37.124664	128.481674

2014-7-21	14:05:39	32.479702	12.409983	3.052670	3.981934	37.883575	129.332016

2014-7-21	14:06:09	32.485245	12.406043	3.104610	3.962402	38.515926	128.719604

2014-7-21	14:06:39	32.483398	12.409983	3.115234	4.016113	38.660000	130.457001

2014-7-21	14:07:09	32.483398	12.408013	3.208491	3.869629	39.810997	125.698700

2014-7-21	14:07:40	32.485245	12.406042	3.177799	3.952637	39.423904	128.402374

2014-7-21	14:08:10	32.483398	12.408013	3.147106	3.935547	39.049335	127.839935

2014-7-21	14:08:40	32.483398	12.408013	3.127039	3.918457	38.800343	127.284798

2014-7-21	14:09:10	32.485245	12.408013	3.121136	3.918457	38.727104	127.292038

2014-7-21	14:09:40	32.481552	12.408013	3.104610	4.096680	38.522041	133.066513

2014-7-21	14:10:10	32.487095	12.408013	3.046767	4.003906	37.804333	130.075287

2014-7-21	14:10:40	32.485245	12.409983	3.034963	4.064941	37.663837	132.050613

2014-7-21	14:11:10	32.481552	12.409983	3.012535	4.042969	37.385506	131.321899

2014-7-21	14:11:40	32.479702	12.408013	3.097527	3.859863	38.434158	125.367210

2014-7-21	14:12:10	32.485245	12.408013	2.974759	3.625488	36.910854	117.774872

2014-7-21	14:12:40	32.483398	12.408013	3.137663	3.713379	38.932159	120.623169

2014-7-21	14:13:10	32.485245	12.402103	3.155370	3.742676	39.133224	121.581741

2014-7-21	14:13:40	32.483398	12.408013	3.124678	3.942871	38.771049	128.077850

2014-7-21	14:14:10	32.483398	12.408013	3.115234	3.962402	38.653866	128.712296

2014-7-21	14:14:40	32.485245	12.409983	2.949970	4.023438	36.609077	130.702347

2014-7-21	14:15:10	32.483398	12.409983	3.044407	3.808594	37.781033	123.716064

2014-7-21	14:15:40	32.485245	12.408013	2.926361	3.820801	36.310322	124.119652

2014-7-21	14:16:10	32.485245	12.409983	2.951150	4.052734	36.623722	131.654068

2014-7-21	14:16:40	32.483398	12.409983	3.004271	3.947754	37.282951	128.236465

2014-7-21	14:17:10	32.485245	12.408013	2.985383	3.806152	37.042675	123.643791

2014-7-21	14:17:40	32.485245	12.408013	3.160092	3.837891	39.210461	124.674820

2014-7-21	14:18:11	32.487095	12.408013	3.052670	3.920898	37.877571	127.378601

2014-7-21	14:18:41	32.481552	12.408013	3.197866	3.784180	39.679165	122.916031

2014-7-21	14:19:11	32.483398	12.408013	3.134122	3.781738	38.888226	122.843712

2014-7-21	14:19:41	32.485245	12.408013	3.112873	3.906250	38.624569	126.895485

2014-7-21	14:20:11	32.479702	12.408013	3.164813	3.896484	39.269043	126.556648

2014-7-21	14:20:41	32.483398	12.408013	2.979481	3.898926	36.969440	126.650360

2014-7-21	14:21:11	32.487095	12.409983	2.952331	3.942871	36.638374	128.092422

2014-7-21	14:21:41	32.485245	12.408013	3.077460	3.801270	38.185158	123.485168

2014-7-21	14:22:11	32.487099	12.404074	3.125859	3.869629	38.773380	125.713013

2014-7-21	14:22:41	32.487095	12.406043	2.921639	3.881836	36.245979	126.109573

2014-7-21	14:23:11	32.488945	12.409983	2.924000	3.923340	36.286785	127.465172

2014-7-21	14:23:41	32.487103	12.409983	3.081002	3.935547	38.235176	127.854515

2014-7-21	14:24:11	32.496346	12.408013	3.173076	3.806152	39.371574	123.686043

2014-7-21	14:24:41	32.505581	12.408013	3.011354	3.742676	37.364922	121.657852

2014-7-21	14:25:11	32.498188	12.408013	3.020797	3.728027	37.482094	121.154137

2014-7-21	14:25:41	32.500046	12.409985	3.129400	3.725586	38.835800	121.081711

2014-7-21	14:26:11	32.512981	12.408013	3.204949	3.842773	39.767052	124.940018

2014-7-21	14:26:41	32.514828	12.408013	3.153009	3.845215	39.122581	125.026497

2014-7-21	14:27:11	32.518520	12.406042	3.066835	3.732910	38.047287	121.388718

2014-7-21	14:27:41	32.514824	12.408013	3.066836	3.784180	38.053341	123.041939

2014-7-21	14:28:12	32.525917	12.409983	3.038504	3.823242	37.707779	124.354462

2014-7-21	14:28:42	32.516674	12.406043	3.081001	3.654785	38.223030	118.841461

2014-7-21	14:29:12	32.514824	12.409986	3.023159	3.823242	37.517357	124.312050

2014-7-21	14:29:42	32.522224	12.409983	2.974759	3.867188	36.916706	125.769539

2014-7-21	14:30:12	32.518528	12.408013	2.987744	3.820801	37.071972	124.246819

2014-7-21	14:30:42	32.509281	12.406046	3.202588	3.723145	39.731453	121.036751

2014-7-21	14:31:12	32.518520	12.408015	3.214393	3.640137	39.884239	118.371857

2014-7-21	14:31:42	32.507435	12.408013	3.201408	3.657227	39.723114	118.887054

2014-7-21	14:32:12	32.516670	12.409984	3.149467	3.955078	39.084839	128.605972

2014-7-21	14:32:42	32.500031	12.425742	3.075099	3.974609	38.210381	129.174927

2014-7-21	14:33:12	32.503735	12.413923	3.070377	3.947754	38.115421	128.316742

2014-7-21	14:33:42	32.509281	12.411953	3.027880	3.928223	37.581909	127.703697

2014-7-21	14:34:12	32.505589	12.425741	2.975940	4.042969	36.978260	131.419083

2014-7-21	14:34:42	32.496342	12.429683	3.153009	4.077148	39.190899	132.492416

2014-7-21	14:35:12	32.494492	12.423771	2.961775	3.894043	36.796410	126.534950

2014-7-21	14:35:42	32.490791	12.408013	3.150648	3.530273	39.093281	114.701378

2014-7-21	14:36:12	32.492641	12.408013	3.178979	3.586426	39.444813	116.532448

2014-7-21	14:36:42	32.492638	12.408013	3.055030	3.618164	37.906857	117.563690

2014-7-21	14:37:12	32.494492	12.408013	3.096347	3.591309	38.419514	116.697746

2014-7-21	14:37:42	32.488941	12.408013	3.064475	3.596191	38.024044	116.836449

2014-7-21	14:38:12	32.488945	12.409983	2.984203	3.708496	37.033913	120.485123

2014-7-21	14:38:43	32.488941	12.409983	3.006632	3.732910	37.312244	121.278297

2014-7-21	14:39:13	32.483398	12.409983	3.124678	3.728027	38.777203	121.098999

2014-7-21	14:39:43	32.485245	12.409983	3.169536	3.713379	39.333889	120.630020

2014-7-21	14:40:13	32.485249	12.409983	2.932263	3.764648	36.389336	122.295540

2014-7-21	14:40:43	32.490791	12.408013	2.929902	3.588867	36.354263	116.605133

2014-7-21	14:41:13	32.485245	12.408013	3.014895	3.679199	37.408855	119.519684

2014-7-21	14:41:43	32.488945	12.408013	3.034963	3.603516	37.657856	117.074425

2014-7-21	14:42:13	32.485245	12.408013	3.227378	3.569336	40.045349	115.950752

2014-7-21	14:42:43	32.485245	12.408013	3.239183	3.647461	40.191822	118.488663

2014-7-21	14:43:13	32.485245	12.409983	3.385559	3.872070	42.014732	125.785149

2014-7-21	14:43:43	32.485245	12.409983	3.322995	3.752441	41.238308	121.898979

2014-7-21	14:44:13	32.487095	12.404073	3.406808	3.754883	42.258293	121.985237

2014-7-21	14:44:43	32.481552	12.404074	4.273265	3.964844	53.005898	128.784286

2014-7-21	14:45:13	32.483398	12.398164	4.201257	3.881836	52.087875	126.095222

2014-7-21	14:45:43	31.489269	12.402103	3.456387	4.033203	42.866467	127.002617

2014-7-21	14:46:13	24.796343	12.350891	3.304108	3.569336	40.808678	88.506477

2014-7-21	14:46:43	31.723940	12.419831	3.245085	4.580078	40.303410	145.298126

2014-7-21	14:47:13	31.162195	12.409983	3.816427	4.343262	47.361797	135.345566

2014-7-21	14:47:43	30.519133	12.411953	3.834134	4.497070	47.589088	137.246689

2014-7-21	14:48:13	32.490788	12.408013	3.804623	3.769531	47.207813	122.475037

2014-7-21	14:48:43	32.488945	12.396195	4.314581	3.779297	53.484394	122.785370

2014-7-21	14:49:14	30.727945	12.390286	4.110362	4.128418	50.928562	126.857803

2014-7-21	14:49:44	29.040861	12.325286	4.089114	2.614746	50.399502	75.934479

2014-7-21	14:50:14	27.970957	12.252396	3.841217	2.343750	47.064110	65.556931

2014-7-21	14:50:44	24.247532	12.309521	4.267364	5.349121	52.529202	129.702988

2014-7-21	14:51:14	30.485878	12.390286	4.765517	5.126953	59.046116	156.299667

2014-7-21	14:51:44	28.819113	12.394223	4.216604	4.689941	52.261528	135.159958

2014-7-21	14:52:14	32.494492	12.398164	4.161122	3.798828	51.590271	123.440987

2014-7-21	14:52:44	32.494492	12.402103	4.218964	3.803711	52.324028	123.599655

2014-7-21	14:53:14	32.494492	12.404073	4.139873	3.825684	51.351288	124.313644

2014-7-21	14:53:44	32.496338	12.408013	4.315763	3.923340	53.550037	127.494179

2014-7-21	14:54:14	32.492649	12.408013	4.139873	3.745117	51.367599	121.688782

2014-7-21	14:54:44	32.498192	12.404073	4.287430	3.771973	53.181599	122.582291

2014-7-21	14:55:14	32.511131	12.406042	4.108001	3.723145	50.964031	121.043640

2014-7-21	14:55:44	32.498192	12.406042	4.126888	3.757324	51.198345	122.106247

2014-7-21	14:56:14	32.505581	12.408013	4.015924	3.713379	49.829643	120.705536

2014-7-21	14:56:44	32.511127	12.408013	4.039534	3.903809	50.122593	126.917221

2014-7-21	14:57:14	32.507439	12.408013	4.116264	3.796387	51.074657	123.410805

2014-7-21	14:57:44	32.507431	12.406043	4.046617	3.840332	50.202503	124.839325

2014-7-21	14:58:14	32.505589	12.404073	4.130429	3.872070	51.234146	125.863922

2014-7-21	14:58:44	32.503735	12.409983	4.053700	3.850098	50.306347	125.142555

2014-7-21	14:59:14	32.501888	12.406043	4.079669	3.742676	50.612556	121.644028

2014-7-21	14:59:45	32.507431	12.408013	3.921489	3.713379	48.657883	120.712410

2014-7-21	15:00:15	32.507439	12.408013	3.976970	3.789062	49.346294	123.172714

2014-7-21	15:00:45	32.500038	12.408014	4.010023	3.825684	49.756424	124.334862

2014-7-21	15:01:15	32.509277	12.404074	4.047798	3.784180	50.209187	123.020950

2014-7-21	15:01:45	32.505581	12.409983	4.017105	3.835449	49.852203	124.673508

2014-7-21	15:02:15	32.512981	12.408013	4.040715	3.928223	50.137241	127.718231

2014-7-21	15:02:45	32.511135	12.413924	3.861285	4.116211	47.933701	133.822693

2014-7-21	15:03:15	32.518528	12.411953	3.920309	4.118652	48.658688	133.932510

2014-7-21	15:03:45	32.524067	12.411953	3.938015	3.916016	48.878460	127.364754

2014-7-21	15:04:15	32.514835	12.408013	3.948639	3.757324	48.994762	122.168777

2014-7-21	15:04:45	32.514828	12.408013	4.234310	3.718262	52.539375	120.898636

2014-7-21	15:05:15	32.524075	12.406042	4.190633	3.762207	51.989166	122.362305

2014-7-21	15:05:45	32.525917	12.408013	4.039535	3.796387	50.122601	123.480957

2014-7-21	15:06:15	32.522221	12.408013	4.045437	3.784180	50.195835	123.069923

2014-7-21	15:06:45	32.531460	12.409983	4.067865	3.884277	50.482140	126.361214

2014-7-21	15:07:15	32.520374	12.406043	4.333470	3.916016	53.761215	127.350296

2014-7-21	15:07:45	32.529617	12.408013	4.111542	3.845215	51.016071	125.083366

2014-7-21	15:08:15	32.533310	12.408013	4.069046	3.933105	50.488770	127.956940

2014-7-21	15:08:45	32.222866	12.409983	4.159941	4.143066	51.624798	133.501480

2014-7-21	15:09:15	32.466785	12.409984	4.165843	3.991699	51.698044	129.597641

2014-7-21	15:09:46	32.535160	12.409983	4.065504	3.955078	50.452835	128.679092

2014-7-21	15:10:16	32.535160	12.409983	4.195356	4.033203	52.064293	131.220917

2014-7-21	15:10:46	32.535164	12.406043	4.214242	3.852539	52.282074	125.342987

2014-7-21	15:11:16	32.537010	12.408013	4.050159	3.837891	50.254421	124.873489

2014-7-21	15:11:46	32.533314	12.408013	4.163483	3.786621	51.660553	123.191330

2014-7-21	15:12:16	32.354065	12.404073	4.244935	3.872070	52.654476	125.277214

2014-7-21	15:12:46	32.535164	12.408013	4.012384	3.696289	49.785713	120.259369

2014-7-21	15:13:16	32.538857	12.408013	4.083211	3.732910	50.664536	121.464630

2014-7-21	15:13:46	32.538857	12.408013	4.157580	3.876953	51.587315	126.151619

2014-7-21	15:14:16	32.531464	12.409983	4.182371	3.923340	51.903149	127.631989

2014-7-21	15:14:46	32.535160	12.409983	3.943917	3.789062	48.943947	123.277756

2014-7-21	15:15:16	32.535164	12.409983	4.148137	3.830566	51.478310	124.628105

2014-7-21	15:15:46	32.531460	12.408013	4.054881	3.923340	50.313011	127.631973

2014-7-21	15:16:16	32.529617	12.409983	4.211882	3.806152	52.269379	123.812675

2014-7-21	15:16:46	32.538857	12.409983	4.013564	3.820801	49.808262	124.324486

2014-7-21	15:17:16	32.538857	12.409983	3.933293	3.835449	48.812096	124.801132

2014-7-21	15:17:46	32.524067	12.408013	4.091475	3.671875	50.767071	119.424309

2014-7-21	15:18:16	32.522221	12.408013	4.095016	3.632812	50.811012	118.147133

2014-7-21	15:18:46	32.524067	12.408013	4.132791	3.652344	51.279720	118.789070

2014-7-21	15:19:16	32.525921	12.408013	4.063144	3.625488	50.415543	117.922348

2014-7-21	15:19:47	32.520374	12.406043	3.883713	3.532715	48.181511	114.885208

2014-7-21	15:20:17	32.529613	12.409983	3.903782	3.737793	48.445866	121.588959

2014-7-21	15:20:47	32.531467	12.408013	3.935654	3.613281	48.833645	117.545341

2014-7-21	15:21:17	32.525921	12.408013	3.884894	3.632812	48.203823	118.160568

2014-7-21	15:21:47	32.522221	12.408013	3.936835	3.627930	48.848297	117.988327

2014-7-21	15:22:17	32.522221	12.409983	3.941556	3.793945	48.914642	123.387527

2014-7-21	15:22:47	32.516682	12.409983	3.887255	3.769531	48.240772	122.572647

2014-7-21	15:23:17	32.520370	12.409983	3.889616	3.752441	48.270069	122.030785

2014-7-21	15:23:47	32.512981	12.409983	4.034812	3.762207	50.071953	122.320564

2014-7-21	15:24:17	32.514824	12.409983	3.963985	3.759766	49.192989	122.248116

2014-7-21	15:24:47	32.511127	12.408013	3.869548	3.659668	48.013405	118.979935

2014-7-21	15:25:17	32.509285	12.408013	3.932113	3.679199	48.789707	119.608139

2014-7-21	15:25:47	32.527767	12.408013	3.870729	3.583984	48.028053	116.579010

2014-7-21	15:26:17	32.529613	12.408013	3.889616	3.559570	48.262405	115.791443

2014-7-21	15:26:47	32.514820	12.408013	3.951000	3.615723	49.024067	117.564575

2014-7-21	15:27:17	22.161308	12.343012	3.965165	3.742676	48.942081	82.942589

2014-7-21	15:27:47	31.322964	12.419831	3.949820	4.494629	49.056099	140.785095

2014-7-21	15:28:17	32.535164	12.408013	3.890796	3.632812	48.277050	118.194153

2014-7-21	15:28:47	32.537010	12.408013	3.870729	3.662109	48.028053	119.154091

2014-7-21	15:29:17	32.529617	12.409983	3.871909	3.742676	48.050323	121.747810

2014-7-21	15:29:48	32.520370	12.409983	3.890797	3.776855	48.284721	122.824738

2014-7-21	15:30:18	32.527763	12.411953	3.985233	3.835449	49.464527	124.758583

2014-7-21	15:30:48	32.516678	12.409983	3.921489	3.808594	48.665607	123.842819

2014-7-21	15:31:18	32.529617	12.409983	3.921489	3.754883	48.665604	122.144897

2014-7-21	15:31:48	32.509285	12.408013	3.963985	3.608398	49.185177	117.306450

2014-7-21	15:32:18	32.516674	12.408013	3.934473	3.542480	48.818996	115.189682

2014-7-21	15:32:48	32.512981	12.411954	3.900240	3.662109	48.409603	119.066093

2014-7-21	15:33:18	32.524067	12.408013	3.896699	3.564453	48.350292	115.930511

2014-7-21	15:33:48	32.516674	12.408013	3.860104	3.586426	47.896225	116.618637

2014-7-21	15:34:18	32.518528	12.409983	3.870729	3.703613	48.035675	120.436050

2014-7-21	15:34:48	32.516674	12.406043	4.110363	3.725586	50.993336	121.143661

2014-7-21	15:35:18	32.520374	12.409983	3.908504	3.666992	48.504463	119.251961

2014-7-21	15:35:48	32.522224	12.409983	3.939195	3.671875	48.885345	119.417542

2014-7-21	15:36:18	32.512981	12.406043	3.926210	3.461914	48.708733	112.557144

2014-7-21	15:36:48	32.516674	12.411953	3.929752	3.696289	48.775894	120.191025

2014-7-21	15:37:18	32.507435	12.408013	3.954541	3.598633	49.068001	116.982323

2014-7-21	15:37:48	32.516678	12.408013	4.007662	3.579102	49.727119	116.380493

2014-7-21	15:38:18	32.514828	12.408013	3.986414	3.579102	49.463482	116.373871

2014-7-21	15:38:48	32.512978	12.409983	3.914406	3.752441	48.577713	122.003044

2014-7-21	15:39:18	32.511127	12.409983	3.939195	3.771973	48.885345	122.631081

2014-7-21	15:39:48	32.511135	12.413922	3.936835	3.786621	48.871559	123.107353

2014-7-21	15:40:19	32.507435	12.409983	3.923850	3.688965	48.694908	119.918785

2014-7-21	15:40:49	32.509277	12.411953	3.935654	3.835449	48.849155	124.687683

2014-7-21	15:41:19	32.512981	12.413922	3.866007	3.601074	47.992313	117.081657

2014-7-21	15:41:49	32.505581	12.408013	3.869549	3.388672	48.013409	110.150749

2014-7-21	15:42:19	32.509285	12.408013	3.842397	3.579102	47.676517	116.354034

2014-7-21	15:42:49	32.503738	12.408013	3.896699	3.637695	48.350288	118.238693

2014-7-21	15:43:19	32.501888	12.408013	3.909684	3.535156	48.511406	114.899254

2014-7-21	15:43:49	32.505592	12.409983	3.925030	3.627930	48.709557	117.928001

2014-7-21	15:44:19	32.494495	12.409983	3.855382	3.610840	47.845230	117.332420

2014-7-21	15:44:49	32.518528	12.409983	3.883714	3.574219	48.196819	116.228333

2014-7-21	15:45:19	32.514828	12.408013	4.015925	3.583984	49.829651	116.532631

2014-7-21	15:45:49	32.514828	12.409983	3.986414	3.757324	49.471325	122.168747

2014-7-21	15:46:19	32.516682	12.409983	3.849481	3.742676	47.771988	121.699394

2014-7-21	15:46:49	32.533310	12.409983	3.900240	3.713379	48.401913	120.808510

2014-7-21	15:47:19	32.537010	12.409983	3.934473	3.752441	48.826744	122.093224

2014-7-21	15:47:49	32.540707	12.409983	3.851841	3.701172	47.801281	120.438751

2014-7-21	15:48:19	32.537010	12.408013	3.817608	3.559570	47.368931	115.817772

2014-7-21	15:48:49	32.540707	12.409984	3.844759	3.530273	47.713394	114.877594

2014-7-21	15:49:19	32.538857	12.406043	4.253198	3.583984	52.765354	116.618752

2014-7-21	15:49:49	32.538857	12.408013	3.971068	3.571777	49.273067	116.221550

2014-7-21	15:50:19	32.538860	12.408013	4.652193	3.666992	57.724472	119.319748

2014-7-21	15:50:50	32.540707	12.402103	4.321664	3.791504	53.597729	123.378220

2014-7-21	15:51:20	32.538857	12.409983	4.050159	3.732910	50.262398	121.464630

2014-7-21	15:51:50	32.540707	12.409983	4.083212	3.718262	50.672588	120.994865

2014-7-21	15:52:20	32.537010	12.411955	4.070227	3.769531	50.519470	122.649277

2014-7-21	15:52:50	32.540707	12.409983	4.063144	3.723145	50.423550	121.153755

2014-7-21	15:53:20	32.538860	12.409984	4.030091	3.588867	50.013367	116.777649

2014-7-21	15:53:50	32.540707	12.408013	4.086753	3.532715	50.708488	114.957039

2014-7-21	15:54:20	32.540707	12.408013	3.989955	3.569336	49.507416	116.148712

2014-7-21	15:54:50	32.538857	12.408014	4.006482	3.542480	49.712482	115.268265

2014-7-21	15:55:20	32.540707	12.408013	4.027730	3.527832	49.976128	114.798149

2014-7-21	15:55:50	32.540707	12.409983	4.045436	3.657227	50.203796	119.008736

2014-7-21	15:56:20	32.540707	12.409983	4.050158	3.686523	50.262390	119.962074

2014-7-21	15:56:50	32.538857	12.408013	3.976970	3.557129	49.346294	115.744904

2014-7-21	15:57:20	32.540707	12.408013	4.034812	3.559570	50.064007	115.830933

2014-7-21	15:57:50	32.540707	12.409983	3.947459	3.681641	48.987900	119.803185

2014-7-21	15:58:20	32.540707	12.409983	3.992316	3.693848	49.544575	120.200417

2014-7-21	15:58:50	32.535160	12.409983	4.011204	3.747559	49.778969	121.927422

2014-7-21	15:59:20	32.538860	12.409983	4.060782	3.723145	50.394234	121.146881

2014-7-21	15:59:50	32.540707	12.406043	4.071407	3.557129	50.510048	115.751488

2014-7-21	16:00:20	32.540707	12.408013	4.052519	3.535156	50.283714	115.036484

2014-7-21	16:00:51	32.540707	12.408013	4.028910	3.540039	49.990772	115.195374

2014-7-21	16:01:21	32.540707	12.409983	4.040715	3.537598	50.145206	115.115929

2014-7-21	16:01:51	32.540707	12.413924	3.963985	3.505859	49.208611	114.083145

2014-7-21	16:02:21	32.538860	12.409983	3.881353	3.635254	48.167519	118.287018

2014-7-21	16:02:51	32.540707	12.409983	3.992316	3.679199	49.544571	119.723740

2014-7-21	16:03:21	32.540707	12.409983	3.874270	3.706055	48.079628	120.597641

2014-7-21	16:03:51	32.540707	12.411953	4.013564	3.518066	49.816170	114.480370

2014-7-21	16:04:21	32.540707	12.409983	3.991136	3.625488	49.529930	117.975952

2014-7-21	16:04:51	32.544399	12.415894	3.884895	3.544922	48.234440	115.367355

2014-7-21	16:05:21	32.546249	12.415894	3.909684	3.557129	48.542217	115.771202

2014-7-21	16:05:51	32.529617	12.415894	3.907323	3.491211	48.512905	113.567757

2014-7-21	16:06:21	32.529617	12.417864	3.967526	3.703613	49.268204	120.477119

2014-7-21	16:06:51	32.542553	12.423772	3.929752	3.532715	48.822342	114.963562

2014-7-21	16:07:21	32.538857	12.417863	3.814066	3.532715	47.362553	114.950500

2014-7-21	16:07:51	32.546249	12.415893	3.915587	3.496094	48.615505	113.784737

2014-7-21	16:08:21	32.540707	12.415894	3.941556	3.491211	48.937935	113.606468

2014-7-21	16:08:51	29.683920	12.382406	3.818788	3.288574	47.285789	97.617775

2014-7-21	16:09:21	25.393198	12.352860	3.827052	3.566895	47.275040	90.574860

2014-7-21	16:09:51	29.661747	12.408013	3.927391	4.428711	48.731121	131.363297

2014-7-21	16:10:21	32.527771	12.423774	3.897879	3.745117	48.426369	121.820312

2014-7-21	16:10:51	32.540707	12.421803	3.897879	3.579102	48.418682	116.466492

2014-7-21	16:11:22	32.540707	12.409983	3.895519	3.388672	48.343319	110.269775

2014-7-21	16:11:52	32.533314	12.406047	3.788096	3.327637	46.995300	108.259048

2014-7-21	16:12:22	32.540707	12.411953	3.778653	3.334961	46.900459	108.521988

2014-7-21	16:12:52	32.540707	12.409983	3.935654	3.369141	48.841396	109.634216

2014-7-21	16:13:22	32.540707	12.409983	3.894338	3.330078	48.328667	108.363098

2014-7-21	16:13:52	32.540707	12.408013	3.799901	3.356934	47.149223	109.236992

2014-7-21	16:14:22	32.540707	12.421803	3.878992	3.522949	48.184074	114.639259

2014-7-21	16:14:52	32.538857	12.425744	3.785736	3.503418	47.040588	113.997215

2014-7-21	16:15:22	32.540707	12.425744	3.844759	3.476562	47.773987	113.129799

2014-7-21	16:15:52	32.540707	12.427713	3.845939	3.498535	47.796230	113.844803

2014-7-21	16:16:22	32.540707	12.423772	3.832954	3.601074	47.619743	117.181503

2014-7-21	16:16:52	32.540707	12.423773	3.925030	3.471680	48.763676	112.970909

2014-7-21	16:17:22	32.538860	12.415893	3.843578	3.420410	47.721451	111.296249

2014-7-21	16:17:52	32.540707	12.415893	3.854202	3.403320	47.853363	110.746445

2014-7-21	16:18:22	32.538860	12.409983	3.893157	3.591309	48.314018	116.857086

2014-7-21	16:18:52	32.538857	12.421803	4.270905	3.593750	53.052338	116.936516

2014-7-21	16:19:22	32.537006	12.429684	3.904962	3.513184	48.537445	114.308479

2014-7-21	16:19:52	32.538857	12.443475	3.791637	3.654785	47.181145	118.922531

2014-7-21	16:20:22	32.540707	12.417863	3.864826	3.496094	47.992882	113.765358

2014-7-21	16:20:53	32.540707	12.433622	3.772751	3.479004	46.908955	113.209244

2014-7-21	16:21:23	32.538860	12.421803	3.930932	3.393555	48.829266	110.422401

2014-7-21	16:21:53	32.540707	12.415893	3.932113	3.400879	48.820690	110.667000

2014-7-21	16:22:23	32.540707	12.429684	3.786916	3.444824	47.070164	112.097015

2014-7-21	16:22:53	32.538857	12.425744	3.914406	3.579102	48.639404	116.459869

2014-7-21	16:23:23	32.537010	12.421802	3.805804	3.459473	47.274937	112.560898

2014-7-21	16:23:53	32.537010	12.425744	3.965165	3.459473	49.270130	112.560898

2014-7-21	16:24:23	32.540707	12.445441	3.857744	3.500977	48.011333	113.924248

2014-7-21	16:24:53	32.540707	12.409983	3.981692	3.371582	49.412731	109.713661

2014-7-21	16:25:23	32.540707	12.408013	3.982872	3.300781	49.419529	107.409752

2014-7-21	16:25:53	32.538857	12.409983	3.941556	3.361816	48.914642	109.389664

2014-7-21	16:26:23	32.540707	12.409983	3.943917	3.395996	48.943947	110.508110

2014-7-21	16:26:53	32.538857	12.409983	3.982872	3.391113	49.427380	110.342949

2014-7-21	16:27:23	32.538860	12.408013	3.956902	3.229980	49.097294	105.099884

2014-7-21	16:27:53	32.537010	12.408013	3.899060	3.217773	48.379585	104.696724

2014-7-21	16:28:23	32.538860	12.408013	3.952181	3.232422	49.038712	105.179321

2014-7-21	16:28:53	32.537010	12.408013	3.984052	3.239746	49.434177	105.411652

2014-7-21	16:29:23	32.540707	12.406043	3.850661	3.264160	47.771469	106.218079

2014-7-21	16:29:53	32.538857	12.408013	3.950999	3.342285	49.024055	108.754135

2014-7-21	16:30:23	32.533314	12.419834	3.995857	3.498535	49.627884	113.818939

2014-7-21	16:30:54	32.505581	12.409984	5.264853	3.750000	65.336731	121.895927

2014-7-21	16:31:24	32.533314	12.413923	3.876631	3.413086	48.124199	111.038994

2014-7-21	16:31:54	32.538860	12.439533	3.770390	3.571777	46.901890	116.221565

2014-7-21	16:32:24	32.531464	12.427712	3.875451	3.544922	48.162987	115.321495

2014-7-21	16:32:54	32.537006	12.419833	3.880173	3.449707	48.191101	112.243141

2014-7-21	16:33:24	32.538860	12.435594	3.606305	3.510742	44.846546	114.235550

2014-7-21	16:33:54	32.533314	12.433623	3.788096	3.552246	47.099762	115.566338

2014-7-21	16:34:24	32.538857	12.425745	3.882534	3.359375	48.243370	109.310219

2014-7-21	16:34:54	32.538860	12.433624	3.825871	3.535156	47.569443	115.029953

2014-7-21	16:35:24	32.535164	12.435593	4.217783	3.549805	52.450638	115.493477

2014-7-21	16:35:54	32.540707	12.409983	3.849480	3.222656	47.771980	104.867508

2014-7-21	16:36:24	32.535164	12.408013	4.028910	3.161621	49.990772	102.863861

2014-7-21	16:36:54	32.540707	12.411954	4.008842	3.293457	49.757568	107.171417

2014-7-21	16:37:24	32.537006	12.419832	3.979331	3.542480	49.422623	115.261711

2014-7-21	16:37:54	32.529617	12.415894	3.968707	3.327637	49.275043	108.246750

2014-7-21	16:38:24	32.537010	12.423774	3.951000	3.403320	49.086334	110.733871

2014-7-21	16:38:54	32.538860	12.415894	4.013564	3.439941	49.831985	111.931770

2014-7-21	16:39:24	32.535160	12.423774	4.053699	3.562012	50.362240	115.890625

2014-7-21	16:39:54	32.535160	12.427712	4.057241	3.454590	50.422230	112.395630

2014-7-21	16:40:24	32.538857	12.411953	4.033632	3.330078	50.065247	108.356934

2014-7-21	16:40:55	32.535160	12.408013	3.974609	3.217773	49.317005	104.690773

2014-7-21	16:41:25	32.533314	12.411953	3.980512	3.332520	49.405922	108.417900

2014-7-21	16:41:55	32.537010	12.408013	3.882533	3.222656	48.174526	104.855598

2014-7-21	16:42:25	32.538857	12.409983	3.867187	3.247070	47.991726	105.655952

2014-7-21	16:42:55	32.537010	12.409983	3.867188	3.217773	47.991730	104.696724

2014-7-21	16:43:25	32.540707	12.409983	3.993496	3.364258	49.559223	109.475327

2014-7-21	16:43:55	32.535160	12.417864	4.106821	3.505859	50.997940	114.063698

2014-7-21	16:44:25	32.540707	12.411953	3.955722	3.371582	49.098236	109.713661

2014-7-21	16:44:55	32.537010	12.409983	3.959263	3.337402	49.134384	108.589096

2014-7-21	16:45:25	32.540707	12.409983	3.901420	3.364258	48.416557	109.475327

2014-7-21	16:45:55	32.540707	12.408013	3.849481	3.215332	47.764408	104.629173

2014-7-21	16:46:25	32.538857	12.417863	3.878992	3.361816	48.168789	109.389664

2014-7-21	16:46:55	32.540707	12.433623	3.919128	3.454590	48.728962	112.414795

2014-7-21	16:47:25	32.540707	12.421803	3.948639	3.291016	49.049217	107.091972

2014-7-21	16:47:55	32.535160	12.427713	3.909684	3.369141	48.588436	109.615532

2014-7-21	16:48:25	32.533314	12.427713	4.076129	3.547363	50.656963	115.407486

2014-7-21	16:48:55	32.538860	12.427713	3.729074	3.476562	46.343857	113.123383

2014-7-21	16:49:25	32.538857	12.425741	3.982872	3.415527	49.490139	111.137352

2014-7-21	16:49:55	32.538857	12.429682	3.845939	3.266602	47.803799	106.291481

2014-7-21	16:50:25	32.537010	12.419833	3.733795	3.383789	46.373112	110.098381

2014-7-21	16:50:55	32.538857	12.423772	3.670050	3.227539	45.595867	105.020432

2014-7-21	16:51:25	32.540707	12.417864	3.822330	3.303223	47.465172	107.489197

2014-7-21	16:51:56	32.538860	12.417863	3.771570	3.269043	46.834839	106.370934

2014-7-21	16:52:26	32.538857	12.421803	3.893158	3.256836	48.360035	105.973717

2014-7-21	16:52:56	32.538860	12.423773	3.868367	3.144531	48.059719	102.319466

2014-7-21	16:53:26	32.540707	12.429684	3.822330	3.210449	47.510349	104.470284

2014-7-21	16:53:56	32.540707	12.425745	3.660606	3.198242	45.485760	104.073059

2014-7-21	16:54:26	32.538860	12.417863	3.720810	3.176270	46.204514	103.352188

2014-7-21	16:54:56	32.538860	12.427714	3.592140	3.264160	44.642090	106.212051

2014-7-21	16:55:26	32.540707	12.425742	3.622832	3.271484	45.016376	106.456413

2014-7-21	16:55:56	32.538860	12.421803	3.696021	3.210449	45.911240	104.464355

2014-7-21	16:56:26	32.538857	12.417863	3.789277	3.137207	47.054718	102.081131

2014-7-21	16:56:56	32.537010	12.423774	3.864826	3.193359	48.015728	103.902367

2014-7-21	16:57:26	32.540707	12.435593	3.581516	3.322754	44.538273	108.124763

2014-7-21	16:57:56	32.538860	12.429684	3.678313	3.188477	45.720272	103.749397

2014-7-21	16:58:26	32.540707	12.433624	3.790457	3.212891	47.129124	104.549728

2014-7-21	16:58:56	32.540707	12.435593	3.782194	3.168945	47.033821	103.119720

2014-7-21	16:59:26	32.538860	12.431653	3.711366	3.203125	46.138420	104.226036

2014-7-21	16:59:56	32.540707	12.431652	3.801082	3.166504	47.253727	103.040276

2014-7-21	17:00:26	32.537010	12.431654	3.707825	3.322754	46.094398	108.112480

2014-7-21	17:00:56	32.540707	12.441503	3.556726	3.264160	44.251019	106.218079

2014-7-21	17:01:26	32.540707	12.427713	3.759766	3.227539	46.725288	105.026405

2014-7-21	17:01:56	32.538860	12.421803	3.705464	3.190918	46.028538	103.828835

2014-7-21	17:02:27	32.538857	12.415892	3.776292	3.188477	46.886032	103.749382

2014-7-21	17:02:57	32.540707	12.421803	3.751502	3.093262	46.600422	100.656921

2014-7-21	17:03:27	32.538857	12.421803	3.805803	3.081055	47.274933	100.253998

2014-7-21	17:03:57	32.538860	12.423774	3.586238	3.103027	44.554604	100.968971

2014-7-21	17:04:27	32.538860	12.425741	3.554365	3.071289	44.165623	99.936249

2014-7-21	17:04:57	32.540707	12.421803	3.472914	3.098145	43.139851	100.815811

2014-7-21	17:05:27	32.537010	12.431654	3.494162	3.227539	43.438210	105.014473

2014-7-21	17:05:57	32.540707	12.425745	3.639359	3.244629	45.221745	105.582520

2014-7-21	17:06:27	32.538857	12.431653	3.530756	3.181152	43.893135	103.511063

2014-7-21	17:06:57	32.538857	12.429684	3.391462	3.154297	42.154797	102.637215

2014-7-21	17:07:27	32.540707	12.439532	3.379657	3.300781	42.041355	107.409752

2014-7-21	17:07:57	32.540707	12.431653	3.758585	3.115234	46.725430	101.371925

2014-7-21	17:08:27	32.540707	12.429683	3.678313	3.029785	45.720264	98.591347

2014-7-21	17:08:57	32.538857	12.427713	3.458748	3.068848	42.984329	99.856796

2014-7-21	17:09:27	32.540707	12.431653	3.307649	3.000488	41.119549	97.638008

2014-7-21	17:09:57	32.538860	12.433623	3.347785	3.105469	41.625099	101.048416

2014-7-21	17:10:27	32.538860	12.433624	3.384380	3.088379	42.080105	100.492332

2014-7-21	17:10:57	32.538860	12.425741	3.547283	2.976074	44.077621	96.838066

2014-7-21	17:11:27	32.540707	12.433622	3.557906	3.122559	44.237663	101.610260

2014-7-21	17:11:57	32.538860	12.445444	3.269875	3.208008	40.695042	104.384918

2014-7-21	17:12:27	32.540707	12.443475	3.491801	3.251953	43.450142	105.820854

2014-7-21	17:12:58	32.538860	12.427713	3.533117	3.117676	43.908562	101.445618

2014-7-21	17:13:28	32.540707	12.427713	3.458747	3.117676	42.984322	101.451370

2014-7-21	17:13:58	32.540707	12.447412	3.504786	3.203125	43.625519	104.231949

2014-7-21	17:14:28	32.540707	12.449383	3.280499	3.090820	40.840183	100.577477

2014-7-21	17:14:58	32.540707	12.451354	3.267513	3.085938	40.684963	100.418587

2014-7-21	17:15:28	32.538857	12.457263	3.234461	3.056641	40.292526	99.459587

2014-7-21	17:15:58	32.538857	12.449385	3.248626	3.039551	40.443398	98.903503

2014-7-21	17:16:28	32.538857	12.453323	3.240363	3.037109	40.353291	98.824066

2014-7-21	17:16:58	32.537010	12.451353	3.191964	3.041992	39.744274	98.977333

2014-7-21	17:17:28	32.540707	12.443472	3.163633	3.034668	39.366573	98.750237

2014-7-21	17:17:58	32.540707	12.447412	3.239182	3.083496	40.319439	100.339142

2014-7-21	17:18:28	32.538860	12.451353	3.212032	3.100586	39.994141	100.889534

2014-7-21	17:18:58	32.538860	12.461204	2.482507	2.976074	30.935024	96.838066

2014-7-21	17:19:28	32.540707	12.465143	2.417582	2.822266	30.135509	91.838516

2014-7-21	17:19:58	32.537010	12.467113	2.369184	2.880859	29.536880	93.734550

2014-7-21	17:20:28	32.540707	12.467113	2.460078	2.861328	30.670078	93.109642

2014-7-21	17:20:58	32.540707	12.467113	2.440011	2.810059	30.419895	91.441292

2014-7-21	17:21:28	32.538860	12.463172	2.523824	2.775879	31.454849	90.323936

2014-7-21	17:21:58	32.540707	12.467113	2.501395	2.854004	31.185169	92.871307

2014-7-21	17:22:28	32.538860	12.465143	2.441191	2.902832	30.429800	94.454849

2014-7-21	17:22:58	32.538860	12.469083	2.409319	2.873535	30.042004	93.501556

2014-7-21	17:23:29	32.540707	12.465144	2.449454	2.880859	30.532801	93.745201

2014-7-21	17:23:59	32.538860	12.469083	2.499034	2.949219	31.160658	95.964218

2014-7-21	17:24:29	32.538857	12.467113	2.464801	2.805176	30.728952	91.277214

2014-7-21	17:24:59	32.540707	12.467113	2.456537	2.805176	30.625925	91.282402

2014-7-21	17:25:29	32.538857	12.467113	2.415222	2.802734	30.110844	91.197769

2014-7-21	17:25:59	32.540707	12.463172	2.418763	2.756348	30.145454	89.693497

2014-7-21	17:26:29	32.540707	12.465143	2.392792	2.783203	29.826500	90.567398

2014-7-21	17:26:59	32.538860	12.467113	2.457718	2.819824	30.640648	91.753868

2014-7-21	17:27:29	32.538857	12.465143	2.471883	2.797852	30.812380	91.038887

2014-7-21	17:27:59	32.538857	12.463172	2.434108	2.770996	30.336712	90.165047

2014-7-21	17:28:29	32.540707	12.467113	2.402236	2.795410	29.948952	90.964622

2014-7-21	17:28:59	32.535160	12.467113	2.399875	2.851562	29.919518	92.776039

2014-7-21	17:29:29	32.537010	12.467113	2.416402	2.875977	30.125557	93.575676

2014-7-21	17:29:59	32.535160	12.467113	2.402236	2.907715	29.948952	94.602966

2014-7-21	17:30:29	32.540707	12.467113	2.436470	2.888184	30.375746	93.983536

2014-7-21	17:30:59	32.537010	12.467113	2.419944	2.790527	30.169712	90.795418

2014-7-21	17:31:29	32.538860	12.467113	2.411680	2.802734	30.066689	91.197784

2014-7-21	17:31:59	32.540707	12.467113	2.414041	2.739258	30.096121	89.137383

2014-7-21	17:32:29	32.535164	12.467113	2.451816	2.800293	30.567064	91.107994

2014-7-21	17:32:59	32.538857	12.465143	2.421124	2.800293	30.179657	91.118332

2014-7-21	17:33:29	32.540707	12.469083	2.444733	2.941895	30.483574	95.731323

2014-7-21	17:34:00	32.538857	12.469083	2.429387	2.927246	30.292229	95.249237

2014-7-21	17:34:30	32.540707	12.469083	2.409319	2.905273	30.042004	94.539650

2014-7-21	17:35:00	32.538860	12.465143	2.342033	2.910156	29.193775	94.693169

2014-7-21	17:35:30	32.540707	12.469083	2.379807	2.917480	29.674017	94.936874

2014-7-21	17:36:00	32.538860	12.467113	2.423485	2.775879	30.213863	90.323936

2014-7-21	17:36:30	32.540707	12.463174	2.399876	2.841797	29.910067	92.474075

2014-7-21	17:37:00	32.538860	12.467113	2.488410	2.722168	31.023291	88.576241

2014-7-21	17:37:30	32.537010	12.467113	2.457718	2.731934	30.640652	88.888954

2014-7-21	17:38:00	32.540707	12.467113	2.441191	2.705078	30.434605	88.025154

2014-7-21	17:38:30	32.537006	12.469083	2.406958	2.932129	30.012564	95.402695

2014-7-21	17:39:00	32.540707	12.469083	2.398695	2.841797	29.909523	92.474075

2014-7-21	17:39:30	32.535160	12.467113	2.455357	2.658691	30.611212	86.500954

2014-7-21	17:40:00	32.537010	12.469083	2.392793	2.824707	29.835930	91.907524

2014-7-21	17:40:30	32.533314	12.469083	2.389251	2.939453	29.791769	95.630150

2014-7-21	17:41:00	32.533314	12.467113	2.369184	2.741699	29.536880	89.196564

2014-7-21	17:41:30	32.531467	12.467113	2.455357	2.768555	30.611216	90.065147

2014-7-21	17:42:00	32.531460	12.469083	2.415222	2.866211	30.115599	93.242027

2014-7-21	17:42:30	32.533314	12.469083	2.402236	2.844238	29.953682	92.532494

2014-7-21	17:43:00	32.537010	12.467113	2.350296	2.775879	29.301407	90.318802

2014-7-21	17:43:30	32.529617	12.467113	2.373905	2.753906	29.595749	89.583519

2014-7-21	17:44:01	32.529613	12.467113	2.421124	2.780762	30.184425	90.457108

2014-7-21	17:44:31	32.537010	12.467113	2.349116	2.800293	29.286688	91.113159

2014-7-21	17:45:01	32.529617	12.467113	2.429387	2.802734	30.287439	91.171875

2014-7-21	17:45:31	32.533310	12.469083	2.388071	2.863770	29.777054	93.167900

2014-7-21	17:46:01	32.529613	12.467113	2.422304	2.817383	30.199135	91.648376

2014-7-21	17:46:31	32.527767	12.467113	2.399875	2.822266	29.919518	91.802002

2014-7-21	17:47:01	32.525917	12.467113	2.406958	2.766113	30.007820	89.970367

2014-7-21	17:47:31	32.516674	12.469083	2.393973	2.868652	29.850653	93.279030

2014-7-21	17:48:01	32.514824	12.467113	2.397515	2.758789	29.890087	89.701538

2014-7-21	17:48:31	32.520374	12.467113	2.399875	2.692871	29.919519	87.573174

2014-7-21	17:49:01	32.512978	12.469083	2.382168	2.683105	29.703453	87.235748

2014-7-21	17:49:31	32.516674	12.469083	2.378627	2.792969	29.659298	90.818054

2014-7-21	17:50:01	32.511127	12.467113	2.412860	2.590332	30.081404	84.214615

2014-7-21	17:50:31	32.500042	12.461204	2.421124	2.568359	30.170113	83.471786

2014-7-21	17:51:01	32.507435	12.463174	2.410500	2.634277	30.042475	85.633598

2014-7-21	17:51:31	32.507427	12.463172	2.404598	2.624512	29.968912	85.316124

2014-7-21	17:52:01	32.509277	12.467113	2.382168	2.741699	29.698757	89.130661

2014-7-21	17:52:31	32.501888	12.469083	2.399876	2.780762	29.924248	90.380005

2014-7-21	17:53:01	32.496342	12.463174	2.419943	2.800293	30.160172	90.999275

2014-7-21	17:53:31	32.488941	12.465140	2.419943	2.856445	30.164934	92.802887

2014-7-21	17:54:02	32.494492	12.471053	2.393973	3.073730	29.855366	99.879311

2014-7-21	17:54:32	32.487095	12.467113	2.396334	2.753906	29.875366	89.466415

2014-7-21	17:55:02	32.485245	12.469083	2.357379	2.680664	29.394350	87.082031

2014-7-21	17:55:32	32.483398	12.469083	2.406958	2.766113	30.012564	89.852760

2014-7-21	17:56:02	32.483398	12.469083	2.405778	2.829590	29.997841	91.914696

2014-7-21	17:56:32	32.485245	12.467113	2.427026	2.702637	30.258009	87.795815

2014-7-21	17:57:02	32.485245	12.467113	2.411680	2.687988	30.066685	87.319954

2014-7-21	17:57:32	32.483398	12.463172	2.390432	2.687988	29.792360	87.314995

2014-7-21	17:58:02	32.483398	12.467113	2.365642	2.670898	29.492727	86.759857

2014-7-21	17:58:32	32.485245	12.463171	2.393973	2.758789	29.836500	89.619942

2014-7-21	17:59:02	32.483398	12.469083	2.391612	2.749023	29.821205	89.297623

2014-7-21	17:59:32	32.485245	12.469083	2.393973	2.807617	29.850649	91.206131

2014-7-21	18:00:02	32.485245	12.461203	2.398695	2.583008	29.890631	83.909637

2014-7-21	18:00:32	32.487095	12.465143	2.406958	2.685547	30.003077	87.245613

2014-7-21	18:01:02	32.483398	12.469083	2.382169	2.783203	29.703457	90.407898

2014-7-21	18:01:32	32.485245	12.463169	2.391612	2.712402	29.807068	88.113052

2014-7-21	18:02:02	32.483398	12.469083	2.364462	2.773438	29.482668	90.090675

2014-7-21	18:02:32	32.483398	12.469083	2.389251	2.797852	29.791769	90.883728

2014-7-21	18:03:02	32.485245	12.469083	2.385710	2.802734	29.747610	91.047516

2014-7-21	18:03:32	32.483398	12.467113	2.378627	2.678223	29.654613	86.997772

2014-7-21	18:04:03	32.476009	12.467113	2.384530	2.661133	29.728201	86.422974

2014-7-21	18:04:33	32.483398	12.467113	2.365642	2.675781	29.492727	86.918472

2014-7-21	18:05:03	32.481552	12.467113	2.375085	2.614746	29.610456	84.931015

2014-7-21	18:05:33	32.481552	12.467113	2.417583	2.775879	30.140274	90.164856

2014-7-21	18:06:03	32.485245	12.469083	2.389251	2.812500	29.791771	91.364754

2014-7-21	18:06:33	32.479702	12.469083	2.391612	2.712402	29.821211	88.098022

2014-7-21	18:07:03	32.485245	12.467113	2.362101	2.648926	29.448578	86.051003

2014-7-21	18:07:33	32.483398	12.467113	2.349116	2.646484	29.286688	85.966805

2014-7-21	18:08:03	32.485245	12.469083	2.379808	2.731934	29.674019	88.747528

2014-7-21	18:08:33	32.483398	12.469083	2.434109	2.792969	30.351103	90.725113

2014-7-21	18:09:03	32.485245	12.469083	2.347935	2.749023	29.276596	89.302696

2014-7-21	18:09:33	32.485245	12.469083	2.360920	2.758789	29.438507	89.619942

2014-7-21	18:10:03	32.485245	12.469083	2.358559	2.822266	29.409073	91.681992

2014-7-21	18:10:33	32.485245	12.467113	2.363281	2.705078	29.463295	87.875122

2014-7-21	18:11:03	32.483398	12.467113	2.385710	2.705078	29.742918	87.870132

2014-7-21	18:11:33	32.481552	12.467113	2.364461	2.644043	29.478008	85.882622

2014-7-21	18:12:03	32.483398	12.469083	2.343213	2.695312	29.217720	87.552910

2014-7-21	18:12:33	32.485245	12.467113	2.331409	2.631836	29.065939	85.495834

2014-7-21	18:13:03	32.483398	12.469083	2.362100	2.683105	29.453224	87.156387

2014-7-21	18:13:33	32.481552	12.467113	2.346755	2.690430	29.257257	87.389336

2014-7-21	18:14:04	32.483398	12.469083	2.346755	2.634277	29.261883	85.570282

2014-7-21	18:14:34	32.483398	12.469083	2.389251	2.700195	29.791771	87.711517

2014-7-21	18:15:04	32.485245	12.469083	2.371545	2.770996	29.570986	90.016487

2014-7-21	18:15:34	32.485245	12.469083	2.377446	2.839355	29.644577	92.237160

2014-7-21	18:16:04	32.483398	12.469083	2.357379	2.829590	29.394350	91.914696

2014-7-21	18:16:34	32.483398	12.469083	2.351476	2.749023	29.320751	89.297623

2014-7-21	18:17:04	32.483398	12.469083	2.317243	2.724609	28.893892	88.504570

2014-7-21	18:17:34	32.481552	12.469083	2.344394	2.719727	29.232439	88.340942

2014-7-21	18:18:04	32.481552	12.467113	2.373905	2.541504	29.595745	82.551994

2014-7-21	18:18:34	32.483398	12.465143	2.362100	2.495117	29.443920	81.049889

2014-7-21	18:19:04	32.485245	12.467113	2.370364	2.561035	29.551594	83.195854

2014-7-21	18:19:34	32.483398	12.469083	2.393973	2.629395	29.850653	85.411667

2014-7-21	18:20:04	32.485245	12.465143	2.380988	2.624512	29.679358	85.257904

2014-7-21	18:20:34	32.481552	12.469083	2.378627	2.749023	29.659298	89.292549

2014-7-21	18:21:04	32.485245	12.469083	2.376266	2.736816	29.629860	88.906151

2014-7-21	18:21:34	32.485245	12.469083	2.384530	2.734375	29.732897	88.826843

2014-7-21	18:22:04	32.481552	12.469083	2.377447	2.746582	29.644579	89.213249

2014-7-21	18:22:34	32.485245	12.469083	2.362101	2.746582	29.453232	89.223389

2014-7-21	18:23:04	32.481552	12.469083	2.351476	2.788086	29.320755	90.561356

2014-7-21	18:23:34	32.483398	12.469083	2.338491	2.761230	29.158840	89.694153

2014-7-21	18:24:05	32.483398	12.467113	2.346755	2.695312	29.257257	87.552910

2014-7-21	18:24:35	32.487095	12.467113	2.388071	2.619629	29.772346	85.104134

2014-7-21	18:25:05	32.481552	12.467113	2.369183	2.697754	29.536875	87.627235

2014-7-21	18:25:35	32.485245	12.469083	2.389251	2.646484	29.791769	85.971695

2014-7-21	18:26:05	32.476009	12.469083	2.365642	2.663574	29.497387	86.502258

2014-7-21	18:26:35	32.487095	12.469083	2.340852	2.734375	29.188284	88.831902

2014-7-21	18:27:05	32.487095	12.469083	2.353837	2.734375	29.350195	88.831902

2014-7-21	18:27:35	32.483398	12.469083	2.359740	2.719727	29.423790	88.345963

2014-7-21	18:28:05	32.483398	12.469083	2.358559	2.734375	29.409069	88.821793

2014-7-21	18:28:35	32.485245	12.469083	2.371544	2.731934	29.570984	88.747528

2014-7-21	18:29:05	32.487099	12.467113	2.402236	2.653809	29.948952	86.214539

2014-7-21	18:29:35	32.485245	12.469083	2.376266	2.624512	29.629858	85.257904

2014-7-21	18:30:05	32.481552	12.467113	2.365642	2.634277	29.492731	85.565414

2014-7-21	18:30:35	32.485245	12.469083	2.342033	2.619629	29.203005	85.099289

2014-7-21	18:31:05	32.483398	12.469083	2.368003	2.529297	29.526827	82.160156

2014-7-21	18:31:35	32.483398	12.469083	2.324326	2.636719	28.982210	85.649582

2014-7-21	18:32:05	32.487095	12.469083	2.372724	2.587891	29.585695	84.073051

2014-7-21	18:32:35	32.487099	12.469083	2.371545	2.619629	29.570986	85.104141

2014-7-21	18:33:05	32.483398	12.469083	2.377446	2.602539	29.644577	84.539314

2014-7-21	18:33:35	32.481552	12.469083	2.353837	2.656250	29.350195	86.279121

2014-7-21	18:34:05	32.488949	12.467113	2.340852	2.570801	29.183674	83.522614

2014-7-21	18:34:36	32.496342	12.467113	2.396334	2.573242	29.875370	83.620956

2014-7-21	18:35:06	32.485249	12.467113	2.380988	2.553711	29.684052	82.957932

2014-7-21	18:35:36	32.485245	12.467113	2.347935	2.502441	29.271975	81.292419

2014-7-21	18:36:06	32.488945	12.469083	2.383349	2.585449	29.718172	83.998520

2014-7-21	18:36:36	32.490795	12.467113	2.383349	2.575684	29.713484	83.686005

2014-7-21	18:37:06	32.500038	12.469083	2.395154	2.619629	29.865370	85.138039

2014-7-21	18:37:36	32.496342	12.469083	2.378627	2.600098	29.659298	84.493660

2014-7-21	18:38:06	32.498192	12.469083	2.408138	2.653809	30.027275	86.243980

2014-7-21	18:38:36	32.512981	12.467113	2.370364	2.692871	29.551596	87.553268

2014-7-21	18:39:06	32.500038	12.469083	2.325506	2.692871	28.996927	87.518410

2014-7-21	18:39:36	32.514828	12.469083	2.334950	2.700195	29.114685	87.796387

2014-7-21	18:40:06	32.524071	12.469083	2.391612	2.746582	29.821209	89.330025

2014-7-21	18:40:36	32.527767	12.469083	2.350296	2.619629	29.306030	85.210678

2014-7-21	18:41:06	32.531460	12.467113	2.360920	2.563477	29.433861	83.393631

2014-7-21	18:41:36	32.538857	12.469083	2.360920	2.607422	29.438509	84.842529

2014-7-21	18:42:06	32.537010	12.467113	2.382169	2.585449	29.698765	84.122787

2014-7-21	18:42:36	32.538857	12.467113	2.369183	2.597656	29.536875	84.524765

2014-7-21	18:43:06	32.540707	12.469083	2.380988	2.644043	29.688738	86.039024

2014-7-21	18:43:36	32.540707	12.469083	2.392793	2.668457	29.835934	86.833481

2014-7-21	18:44:06	32.538857	12.469083	2.365642	2.656250	29.497383	86.431335

2014-7-21	18:44:36	32.538860	12.469083	2.366822	2.656250	29.512106	86.431351

2014-7-21	18:45:06	32.540707	12.469083	2.376266	2.702637	29.629860	87.945709

2014-7-21	18:45:37	32.538860	12.467113	2.365642	2.570801	29.492731	83.650925

2014-7-21	18:46:07	32.538857	12.469083	2.396334	2.556152	29.880089	83.174271

2014-7-21	18:46:37	32.540707	12.469083	2.375086	2.565918	29.615145	83.496780

2014-7-21	18:47:07	32.538860	12.469083	2.401056	2.543945	29.938963	82.777084

2014-7-21	18:47:37	32.537010	12.467113	2.383349	2.617188	29.713480	85.155457

2014-7-21	18:48:07	32.540707	12.469083	2.363281	2.658691	29.467949	86.515694

2014-7-21	18:48:37	32.538860	12.469083	2.398695	2.666016	29.909521	86.749107

2014-7-21	18:49:07	32.538860	12.469083	2.391612	2.631836	29.821205	85.636940

2014-7-21	18:49:37	32.538860	12.469083	2.337311	2.651367	29.144121	86.272469

2014-7-21	18:50:07	32.538857	12.469083	2.362100	2.644043	29.453222	86.034134

2014-7-21	18:50:37	32.540707	12.467113	2.352657	2.512207	29.330843	81.748993

2014-7-21	18:51:07	32.535160	12.467113	2.356198	2.531738	29.374992	82.370514

2014-7-21	18:51:37	32.535160	12.467113	2.355018	2.534180	29.360275	82.449944

2014-7-21	18:52:07	32.538860	12.467113	2.360920	2.526855	29.433857	82.221001

2014-7-21	18:52:37	32.537010	12.467113	2.364462	2.502441	29.478010	81.421959

2014-7-21	18:53:07	32.540707	12.469083	2.369184	2.614746	29.541546	85.085686

2014-7-21	18:53:37	32.537006	12.469083	2.355018	2.634277	29.364914	85.711502

2014-7-21	18:54:07	32.537010	12.469083	2.362100	2.612305	29.453224	84.996582

2014-7-21	18:54:37	32.540707	12.469083	2.368003	2.639160	29.526827	85.880135

2014-7-21	18:55:07	32.540707	12.469083	2.365642	2.631836	29.497383	85.641800

2014-7-21	18:55:37	32.537006	12.469083	2.353837	2.507324	29.350191	81.580826

2014-7-21	18:56:08	32.540707	12.469083	2.353837	2.500000	29.350195	81.351768

2014-7-21	18:56:38	32.540707	12.467113	2.312521	2.534180	28.830467	82.463997

2014-7-21	18:57:08	32.535160	12.469083	2.389251	2.529297	29.791775	82.291077

2014-7-21	18:57:38	32.537006	12.467113	2.353837	2.531738	29.345554	82.375183

2014-7-21	18:58:08	32.540707	12.469083	2.339672	2.622070	29.173563	85.324020

2014-7-21	18:58:38	32.540707	12.469083	2.347935	2.587891	29.276598	84.211792

2014-7-21	18:59:08	32.538860	12.469083	2.373905	2.480469	29.600424	80.711624

2014-7-21	18:59:38	32.537010	12.469083	2.371544	2.468262	29.570984	80.309860

2014-7-21	19:00:08	32.538857	12.469083	2.395154	2.617188	29.865368	85.160286

2014-7-21	19:00:38	32.538857	12.467113	2.336131	2.502441	29.124805	81.426582

2014-7-21	19:01:08	32.538860	12.467113	2.350296	2.458496	29.301405	79.996658

2014-7-21	19:01:38	32.538860	12.469083	2.339672	2.587891	29.173565	84.207008

2014-7-21	19:02:08	32.540707	12.469083	2.384529	2.541504	29.732891	82.702332

2014-7-21	19:02:38	32.540707	12.469083	2.372724	2.543945	29.585695	82.781776

2014-7-21	19:03:08	32.538857	12.469083	2.362101	2.541504	29.453234	82.697632

2014-7-21	19:03:38	32.538857	12.469083	2.351476	2.543945	29.320751	82.777069

2014-7-21	19:04:08	32.540707	12.469083	2.359740	2.526855	29.423794	82.225662

2014-7-21	19:04:38	32.538857	12.469083	2.364461	2.600098	29.482666	84.604202

2014-7-21	19:05:08	32.540707	12.469083	2.349116	2.583008	29.291323	84.052902

2014-7-21	19:05:38	32.540707	12.469083	2.357379	2.697754	29.394354	87.786819

2014-7-21	19:06:08	32.537010	12.469083	2.358559	2.739258	29.409069	89.127258

2014-7-21	19:06:39	32.540707	12.469083	2.390432	2.814941	29.806494	91.600182

2014-7-21	19:07:09	32.538857	12.469083	2.383349	2.766113	29.718182	90.006165

2014-7-21	19:07:39	32.533314	12.469083	2.392792	2.714844	29.835924	88.322861

2014-7-21	19:08:09	32.538860	12.469083	2.344394	2.680664	29.232439	87.225754

2014-7-21	19:08:39	32.538860	12.469083	2.340852	2.644043	29.188280	86.034142

2014-7-21	19:09:09	32.537010	12.469083	2.359740	2.729492	29.423794	88.809517

2014-7-21	19:09:39	32.538857	12.469083	2.358560	2.780762	29.409075	90.482803

2014-7-21	19:10:09	32.540707	12.469083	2.356199	2.800293	29.379635	91.123512

2014-7-21	19:10:39	32.538860	12.469083	2.349116	2.548828	29.291317	82.935959

2014-7-21	19:11:09	32.538860	12.469083	2.334950	2.561035	29.114681	83.333168

2014-7-21	19:11:39	32.533310	12.469083	2.326687	2.568359	29.011648	83.557228

2014-7-21	19:12:09	32.537010	12.467113	2.369183	2.492676	29.536877	81.104218

2014-7-21	19:12:39	32.535164	12.467113	2.308980	2.546387	28.786316	82.847107

2014-7-21	19:13:09	32.533314	12.469083	2.382169	2.595215	29.703457	84.430939

2014-7-21	19:13:39	32.535164	12.469083	2.389251	2.614746	29.791775	85.071190

2014-7-21	19:14:09	32.533314	12.469083	2.377446	2.456055	29.644577	79.903595

2014-7-21	19:14:39	32.538857	12.469083	2.353837	2.512207	29.350191	81.744347

2014-7-21	19:15:09	32.537010	12.469083	2.366822	2.502441	29.512102	81.421959

2014-7-21	19:15:39	32.538860	12.467113	2.375086	2.460938	29.610460	80.076103

2014-7-21	19:16:09	32.538860	12.469083	2.371544	2.617188	29.570984	85.160301

2014-7-21	19:16:40	32.537010	12.469083	2.360920	2.856445	29.438507	92.940193

2014-7-21	19:17:10	32.537010	12.469083	2.346755	2.773438	29.261879	90.239365

2014-7-21	19:17:40	32.535160	12.469083	2.344394	2.534180	29.232439	82.449944

2014-7-21	19:18:10	32.533314	12.469083	2.356198	2.539062	29.379631	82.604118

2014-7-21	19:18:40	32.531467	12.469083	2.336131	2.587891	29.129406	84.187881

2014-7-21	19:19:10	32.531467	12.467113	2.377447	2.458496	29.639896	79.978485

2014-7-21	19:19:40	32.529617	12.467113	2.399875	2.475586	29.919519	80.529861

2014-7-21	19:20:10	32.537010	12.467113	2.340852	2.480469	29.183670	80.707039

2014-7-21	19:20:40	32.535164	12.469083	2.337311	2.456055	29.144121	79.908142

2014-7-21	19:21:10	32.531467	12.469083	2.365642	2.468262	29.497387	80.296173

2014-7-21	19:21:40	32.538860	12.469083	2.364461	2.487793	29.482660	80.949951

2014-7-21	19:22:10	32.537006	12.469083	2.343213	2.531738	29.217720	82.375183

2014-7-21	19:22:40	32.537010	12.469083	2.338491	2.646484	29.158840	86.108688

2014-7-21	19:23:10	32.535164	12.469083	2.326687	2.673340	29.011652	86.977547

2014-7-21	19:23:40	32.537010	12.469083	2.340852	2.758789	29.188284	89.762749

2014-7-21	19:24:10	32.535164	12.469083	2.355018	2.634277	29.364910	85.706642

2014-7-21	19:24:40	32.531464	12.469083	2.350296	2.497559	29.306032	81.249237

2014-7-21	19:25:10	32.531467	12.469083	2.386890	2.526855	29.762335	82.202316

2014-7-21	19:25:40	32.538857	12.469083	2.329048	2.470703	29.041092	80.393852

2014-7-21	19:26:10	32.533314	12.469083	2.319604	2.502441	28.923334	81.412712

2014-7-21	19:26:40	32.531467	12.469083	2.364461	2.492676	29.482666	81.090401

2014-7-21	19:27:11	32.533310	12.469083	2.308980	2.468262	28.790863	80.300720

2014-7-21	19:27:41	32.538860	12.469083	2.380988	2.487793	29.688738	80.949951

2014-7-21	19:28:11	32.538860	12.469083	2.373905	2.585449	29.600420	84.127571

2014-7-21	19:28:41	32.535160	12.469083	2.399876	2.604980	29.924248	84.753456

2014-7-21	19:29:11	32.531467	12.469083	2.373905	2.573242	29.600420	83.711342

2014-7-21	19:29:41	32.538860	12.469083	2.362101	2.585449	29.453232	84.127571

2014-7-21	19:30:11	32.537010	12.469083	2.352657	2.661133	29.335472	86.585304

2014-7-21	19:30:41	32.535160	12.469083	2.384530	2.563477	29.732901	83.403122

2014-7-21	19:31:11	32.537010	12.469083	2.334950	2.448730	29.114681	79.674370

2014-7-21	19:31:41	32.533310	12.469083	2.327867	2.446289	29.026369	79.585876

2014-7-21	19:32:11	32.533310	12.469083	2.320785	2.485352	28.938059	80.856712

2014-7-21	19:32:41	32.537006	12.469083	2.334950	2.495117	29.114685	81.183647

2014-7-21	19:33:11	32.540707	12.469083	2.303077	2.573242	28.717264	83.735123

2014-7-21	19:33:41	32.535164	12.469083	2.352657	2.573242	29.335472	83.720856

2014-7-21	19:34:11	32.538857	12.469083	2.371544	2.551270	29.570984	83.015396

2014-7-21	19:34:41	32.529613	12.469083	2.355018	2.551270	29.364914	82.991814

2014-7-21	19:35:11	32.531467	12.469083	2.334950	2.570801	29.114687	83.631920

2014-7-21	19:35:41	32.533314	12.469083	2.323146	2.475586	28.967499	80.539017

2014-7-21	19:36:11	32.538860	12.469083	2.334950	2.502441	29.114687	81.426590

2014-7-21	19:36:41	32.537010	12.469083	2.365642	2.465820	29.497383	80.230423

2014-7-21	19:37:11	32.535160	12.469083	2.350296	2.590332	29.306036	84.276871

2014-7-21	19:37:41	32.538857	12.469083	2.343213	2.666016	29.217720	86.749100

2014-7-21	19:38:12	32.537010	12.469083	2.342033	2.512207	29.203003	81.739708

2014-7-21	19:38:42	32.540707	12.469083	2.336130	2.541504	29.129404	82.702332

2014-7-21	19:39:12	32.535164	12.469083	2.372725	2.548828	29.585705	82.926544

2014-7-21	19:39:42	32.540707	12.469083	2.336131	2.578125	29.129406	83.894012

2014-7-21	19:40:12	32.535160	12.469083	2.360920	2.580566	29.438509	83.959145

2014-7-21	19:40:42	32.538857	12.467113	2.343213	2.509766	29.213106	81.664902

2014-7-21	19:41:12	32.540707	12.469083	2.344394	2.487793	29.232439	80.954544

2014-7-21	19:41:42	32.537010	12.469083	2.345574	2.524414	29.247158	82.136887

2014-7-21	19:42:12	32.540707	12.469083	2.364462	2.473145	29.482668	80.477867

2014-7-21	19:42:42	32.538857	12.469083	2.350296	2.507324	29.306036	81.585464

2014-7-21	19:43:12	32.538860	12.469083	2.307800	2.536621	28.776144	82.538757

2014-7-21	19:43:42	32.538860	12.469083	2.353837	2.558594	29.350191	83.253723

2014-7-21	19:44:12	32.538860	12.469083	2.353837	2.558594	29.350189	83.253723

2014-7-21	19:44:42	32.538857	12.469083	2.327867	2.641602	29.026369	85.954697

2014-7-21	19:45:12	32.538860	12.469083	2.332589	2.614746	29.085247	85.080856

2014-7-21	19:45:42	32.538857	12.467113	2.332589	2.473145	29.080650	80.473297

2014-7-21	19:46:12	32.540707	12.467113	2.319604	2.419434	28.918766	78.730080

2014-7-21	19:46:42	32.540707	12.469083	2.357378	2.453613	29.394348	79.842308

2014-7-21	19:47:12	32.538860	12.469083	2.339672	2.475586	29.173563	80.552742

2014-7-21	19:47:42	32.537010	12.469083	2.333770	2.480469	29.099966	80.707039

2014-7-21	19:48:12	32.540707	12.469083	2.366822	2.416992	29.512102	78.650635

2014-7-21	19:48:43	32.540707	12.469083	2.327867	2.441406	29.026367	79.445084

2014-7-21	19:49:13	32.538857	12.469083	2.365642	2.519531	29.497383	81.982666

2014-7-21	19:49:43	32.540707	12.469083	2.364461	2.619629	29.482662	85.244576

2014-7-21	19:50:13	32.537010	12.469083	2.365642	2.680664	29.497391	87.220795

2014-7-21	19:50:43	32.538857	12.469083	2.334950	2.585449	29.114685	84.127563

2014-7-21	19:51:13	32.538860	12.469083	2.339672	2.575684	29.173565	83.809807

2014-7-21	19:51:43	32.540707	12.469083	2.345574	2.609863	29.247158	84.926796

2014-7-21	19:52:13	32.540707	12.469083	2.363281	2.622070	29.467949	85.324020

2014-7-21	19:52:43	32.540707	12.469083	2.350296	2.612305	29.306038	85.006241

2014-7-21	19:53:13	32.538860	12.469083	2.329048	2.546387	29.041092	82.856522

2014-7-21	19:53:43	32.538860	12.469083	2.329048	2.429199	29.041088	79.043373

2014-7-21	19:54:13	32.537006	12.469083	2.401056	2.426758	29.938963	78.959435

2014-7-21	19:54:43	32.538860	12.469083	2.339672	2.573242	29.173563	83.730370

2014-7-21	19:55:13	32.540707	12.469083	2.345574	2.541504	29.247156	82.702332

2014-7-21	19:55:43	32.537010	12.469083	2.301898	2.565918	28.702551	83.487297

2014-7-21	19:56:13	32.538860	12.469083	2.343214	2.534180	29.217724	82.459320

2014-7-21	19:56:43	32.538860	12.469083	2.363281	2.563477	29.467949	83.412605

2014-7-21	19:57:13	32.540707	12.469083	2.346755	2.465820	29.261877	80.239532

2014-7-21	19:57:43	32.538860	12.469083	2.373905	2.490234	29.600424	81.029388

2014-7-21	19:58:13	32.540707	12.469083	2.337311	2.463379	29.144125	80.160088

2014-7-21	19:58:43	32.540707	12.469083	2.316063	2.468262	28.879181	80.318977

2014-7-21	19:59:14	32.538860	12.469083	2.334950	2.517090	29.114685	81.903236

2014-7-21	19:59:44	32.537010	12.469083	2.326687	2.746582	29.011648	89.365570

2014-7-21	20:00:14	32.538857	12.469083	2.334950	2.595215	29.114687	84.445320

2014-7-21	20:00:44	32.537010	12.469083	2.339672	2.687988	29.173563	87.459099

2014-7-21	20:01:14	32.527763	12.469083	2.321965	2.805176	28.952774	91.246094

2014-7-21	20:01:44	32.529617	12.469083	2.324326	2.819824	28.982214	91.727806

2014-7-21	20:02:14	32.538857	12.469083	2.300717	2.568359	28.687830	83.571480

2014-7-21	20:02:44	32.538857	12.469083	2.362100	2.429199	29.453224	79.043365

2014-7-21	20:03:14	32.538860	12.469083	2.340852	2.409668	29.188280	78.407852

2014-7-21	20:03:44	32.538860	12.469083	2.347935	2.551270	29.276598	83.015404

2014-7-21	20:04:14	32.540707	12.469083	2.346755	2.434082	29.261879	79.206749

2014-7-21	20:04:44	32.538860	12.469083	2.352657	2.458496	29.335476	79.996658

2014-7-21	20:05:14	32.535160	12.469083	2.345574	2.487793	29.247158	80.940742

2014-7-21	20:05:44	32.535160	12.469083	2.346755	2.492676	29.261883	81.099602

2014-7-21	20:06:14	32.527767	12.469083	2.355018	2.524414	29.364916	82.113556

2014-7-21	20:06:44	32.529613	12.469083	2.346755	2.575684	29.261879	83.785995

2014-7-21	20:07:14	32.533310	12.467113	2.336130	2.568359	29.124804	83.557228

2014-7-21	20:07:44	32.520374	12.469083	2.364462	2.590332	29.482668	84.238564

2014-7-21	20:08:14	32.520374	12.469083	2.325507	2.602539	28.996935	84.635544

2014-7-21	20:08:44	32.529617	12.469083	2.318424	2.597656	28.908615	84.500763

2014-7-21	20:09:14	32.522224	12.469083	2.332589	2.529297	29.085251	82.258362

2014-7-21	20:09:45	32.514832	12.469083	2.308980	2.541504	28.790865	82.636574

2014-7-21	20:10:15	32.512981	12.469083	2.337311	2.551270	29.144121	82.949379

2014-7-21	20:10:45	32.507435	12.469083	2.337311	2.541504	29.144125	82.617775

2014-7-21	20:11:15	32.488945	12.469083	2.347935	2.543945	29.276598	82.650101

2014-7-21	20:11:45	32.464928	12.469083	2.350296	2.709961	29.306036	87.978683

2014-7-21	20:12:15	32.463074	12.469083	2.345574	2.722168	29.247156	88.369942

2014-7-21	20:12:45	32.420574	12.469083	2.338491	2.658691	29.158838	86.196304

2014-7-21	20:13:15	32.444603	12.469083	2.334950	2.626953	29.114685	85.230453

2014-7-21	20:13:45	30.452620	12.469083	2.329048	2.858887	29.041092	87.060593

2014-7-21	20:14:15	31.744270	12.469083	2.351476	2.695312	29.320751	85.560730

2014-7-21	20:14:45	31.686987	12.469083	2.303078	2.775879	28.717270	87.959236

2014-7-21	20:15:15	31.762753	12.469083	2.352657	2.761230	29.335472	87.704277

2014-7-21	20:15:45	31.759050	12.469083	2.346755	2.680664	29.261883	85.135345

2014-7-21	20:16:15	32.023293	12.469083	2.337311	2.619629	29.144121	83.889145

2014-7-21	20:16:45	31.993732	12.469083	2.356198	2.597656	29.379629	83.108719

2014-7-21	20:17:15	32.060253	12.469083	2.385710	2.573242	29.747610	82.498795

2014-7-21	20:17:45	32.182209	12.469083	2.325507	2.526855	28.996935	81.319794

2014-7-21	20:18:15	31.960470	12.469083	2.349116	2.607422	29.291317	83.334427

2014-7-21	20:18:45	31.999273	12.469083	2.317243	2.609863	28.893900	83.513725

2014-7-21	20:19:15	32.041775	12.469083	2.363281	2.592773	29.467949	83.077065

2014-7-21	20:19:46	32.017750	12.469083	2.350296	2.553711	29.306036	81.764076

2014-7-21	20:20:16	32.021450	12.469083	2.357379	2.551270	29.394354	81.695351

2014-7-21	20:20:46	31.868078	12.467113	2.351476	2.453613	29.316120	78.191940

2014-7-21	20:21:16	32.167427	12.467113	2.293634	2.431641	28.594995	78.219620

2014-7-21	20:21:46	31.766443	12.465143	2.338491	2.414551	29.149628	76.701691

2014-7-21	20:22:16	32.137859	12.465143	2.300717	2.390137	28.678762	76.813881

2014-7-21	20:22:46	32.123081	12.465143	2.338492	2.370605	29.149633	76.151154

2014-7-21	20:23:16	32.143406	12.465143	2.366822	2.421875	29.502781	77.847313

2014-7-21	20:23:46	31.856991	12.463174	2.329048	2.399902	29.027328	76.453667

2014-7-21	20:24:16	32.104603	12.457264	2.320785	2.314453	28.910625	74.304596

2014-7-21	20:24:46	31.836668	12.457262	2.321965	2.343750	28.925320	74.617188

2014-7-21	20:25:16	32.030689	12.461202	2.344394	2.353516	29.213968	75.384727

2014-7-21	20:25:46	32.080578	12.449384	2.324326	2.346191	28.936426	75.267174

2014-7-21	20:26:16	32.078732	12.449383	2.281830	2.304688	28.407373	73.931450

2014-7-21	20:26:46	31.932756	12.431652	2.292454	2.316895	28.498985	73.984825

2014-7-21	20:27:16	32.043621	12.431654	2.339672	2.285156	29.085991	73.224678

2014-7-21	20:27:46	32.298626	12.419832	2.343213	2.189941	29.102314	70.732101

2014-7-21	20:28:16	32.237648	12.415893	2.325506	2.143555	28.873238	69.103165

2014-7-21	20:28:46	32.089817	12.409983	2.368003	2.141113	29.386875	68.707932

2014-7-21	20:29:16	32.056561	12.409983	2.343213	2.089844	29.079233	66.993202

2014-7-21	20:29:47	31.722097	12.409983	2.295995	2.111816	28.493258	66.991249

2014-7-21	20:30:17	31.116001	12.409983	2.350296	2.177734	29.167135	67.762383

2014-7-21	20:30:47	30.487734	12.408013	2.362101	2.116699	29.308979	64.533363

2014-7-21	20:31:17	30.110767	12.408013	2.342033	2.104492	29.059975	63.367874

2014-7-21	20:31:47	31.282309	12.408013	2.308980	2.006836	28.649855	62.778461

2014-7-21	20:32:17	31.062414	12.402103	2.333770	2.084961	28.943651	64.763924

2014-7-21	20:32:47	31.382088	12.388316	2.408139	2.023926	29.832785	63.515015

2014-7-21	20:33:17	32.102757	12.384376	2.384530	1.967773	29.530910	63.170952

2014-7-21	20:33:47	31.402422	12.366649	2.342033	1.953125	28.963099	61.332855

2014-7-21	20:34:17	30.934912	12.356799	2.373905	1.955566	29.333872	60.495274

2014-7-21	20:34:47	30.288166	12.350890	2.358559	1.887207	29.130304	57.160042

2014-7-21	20:35:17	31.365459	12.350890	2.353837	1.845703	29.071989	57.891327

2014-7-21	20:35:47	32.143410	12.350890	2.368003	1.767578	29.246944	56.815987

2014-7-21	20:36:17	31.916119	12.350890	2.331409	1.733398	28.794975	55.323349

2014-7-21	20:36:47	31.736881	12.350890	2.389251	1.711426	29.509382	54.315315

2014-7-21	20:37:17	31.546553	12.350890	2.321965	1.791992	28.678335	56.531178

2014-7-21	20:37:47	32.154499	12.350890	2.372725	1.765137	29.305265	56.757088

2014-7-21	20:38:17	32.263515	12.350890	2.369184	1.701660	29.261526	54.901539

2014-7-21	20:38:47	30.864691	12.350890	2.323145	1.755371	28.692913	54.178986

2014-7-21	20:39:17	30.576429	12.350890	2.299536	1.689453	28.401320	51.657444

2014-7-21	20:39:48	31.478180	12.348921	2.406959	1.740723	29.723341	54.794781

2014-7-21	20:40:18	31.245348	12.348921	2.428206	1.711426	29.985729	53.474094

2014-7-21	20:40:48	30.033159	12.346951	2.416402	1.757812	29.835192	52.792664

2014-7-21	20:41:18	30.134794	12.348921	2.336130	1.687012	28.848690	50.837749

2014-7-21	20:41:48	30.411966	12.344981	2.330228	1.691895	28.766623	51.453838

2014-7-21	20:42:18	31.104916	12.341041	2.346755	1.665039	28.961393	51.790901

2014-7-21	20:42:48	30.230879	12.335132	2.299536	1.682129	28.365086	50.852234

2014-7-21	20:43:18	30.278925	12.333162	2.326687	1.662598	28.695404	50.341671

2014-7-21	20:43:48	30.585665	12.333162	2.355018	1.687012	29.044825	51.598373

2014-7-21	20:44:18	31.077202	12.315435	2.352657	1.657715	28.973993	51.517139

2014-7-21	20:44:48	30.715017	12.319375	2.321965	1.660156	28.605160	50.991730

2014-7-21	20:45:18	30.958931	12.317403	2.344394	1.618652	28.876842	50.111748

2014-7-21	20:45:48	30.609690	12.293768	2.363281	1.599121	29.053629	48.948601

2014-7-21	20:46:18	30.095985	12.297708	2.351476	1.528320	28.917767	45.996307

2014-7-21	20:46:48	30.164356	12.287858	2.382168	1.464844	29.271746	44.186069

2014-7-21	20:47:18	30.842518	12.279979	2.357379	1.440430	28.948563	44.426479

2014-7-21	20:47:48	30.277077	12.270125	2.419943	1.411133	29.693008	42.724976

2014-7-21	20:48:18	30.328815	12.258305	2.395153	1.374512	29.360519	41.687313

2014-7-21	20:48:48	31.480030	12.252396	2.317243	1.342773	28.391779	42.270550

2014-7-21	20:49:18	31.611227	12.244516	2.384529	1.320801	29.197409	41.752132

2014-7-21	20:49:48	31.195459	12.234668	2.340852	1.318359	28.639549	41.126827

2014-7-21	20:50:19	30.399035	12.238607	2.377447	1.359863	29.096636	41.338531

2014-7-21	20:50:49	29.776308	12.232697	2.376266	1.416016	29.068150	42.163719

2014-7-21	20:51:19	30.938604	12.232697	2.344394	1.369629	28.678263	42.374409

2014-7-21	20:51:49	31.339592	12.232697	2.356198	1.330566	28.822660	41.699409

2014-7-21	20:52:19	31.228722	12.232697	2.384530	1.298828	29.169230	40.560741

2014-7-21	20:52:49	30.659584	12.232697	2.384529	1.362305	29.169224	41.767696

2014-7-21	20:53:19	31.217630	12.232697	2.384529	1.333008	29.169226	41.613346

2014-7-21	20:53:49	31.193607	12.232697	2.349115	1.291504	28.736015	40.286667

2014-7-21	20:54:19	31.206545	12.232697	2.391612	1.284180	29.255869	40.074810

2014-7-21	20:54:49	30.872082	12.232697	2.363281	1.308594	28.909304	40.399014

2014-7-21	20:55:19	31.315569	12.232697	2.399876	1.237793	29.356953	38.762192

2014-7-21	20:55:49	31.193607	12.232697	2.365642	1.254883	28.938181	39.144321

2014-7-21	20:56:19	30.411974	12.232697	2.356199	1.237793	28.822664	37.643726

2014-7-21	20:56:49	30.290007	12.232697	2.355018	1.184082	28.808218	35.865852

2014-7-21	20:57:19	30.611534	12.232697	2.397515	1.120605	29.328074	34.303452

2014-7-21	20:57:49	29.338366	12.232697	2.336131	1.137695	28.577179	33.378120

2014-7-21	20:58:19	29.767065	12.232697	2.385710	1.086426	29.183662	32.339706

2014-7-21	20:58:49	30.027617	12.232697	2.383349	1.066895	29.154789	32.036301

2014-7-21	20:59:19	30.872084	12.232697	2.398695	1.105957	29.342506	34.143196

2014-7-21	20:59:49	30.347298	12.230727	2.401055	1.064453	29.366653	32.303276

2014-7-21	21:00:19	31.228716	12.232697	2.359740	1.064453	28.865986	33.241505

2014-7-21	21:00:50	31.696224	12.228758	2.376266	1.042480	29.058784	33.042694

2014-7-21	21:01:20	30.992195	12.220880	2.383349	1.071777	29.126621	33.216732

2014-7-21	21:01:50	30.914587	12.214970	2.423485	1.062012	29.602791	32.831654

2014-7-21	21:02:20	30.543165	12.203152	2.369183	1.059570	28.911503	32.362633

2014-7-21	21:02:50	30.247519	12.201184	2.401056	1.005859	29.295725	30.424749

2014-7-21	21:03:20	31.334047	12.185424	2.365642	0.954590	28.826349	29.911163

2014-7-21	21:03:50	31.424595	12.173605	2.399876	0.915527	29.215141	28.770077

2014-7-21	21:04:20	31.396877	12.173605	2.356198	0.883789	28.683424	27.748217

2014-7-21	21:04:50	31.217627	12.173605	2.358559	0.842285	28.712168	26.294144

2014-7-21	21:05:20	30.519146	12.173605	2.372725	0.805664	28.884617	24.588179

2014-7-21	21:05:50	29.464016	12.173605	2.418763	0.810547	29.445065	23.881966

2014-7-21	21:06:20	29.286629	12.173605	2.414041	0.803223	29.387579	23.523684

2014-7-21	21:06:50	31.546553	12.173605	2.370364	0.742188	28.855881	23.413458

2014-7-21	21:07:20	31.456007	12.173605	2.391612	0.725098	29.114540	22.808678

2014-7-21	21:07:50	31.306332	12.173605	2.375086	0.720215	28.913359	22.547285

2014-7-21	21:08:20	27.228115	12.169665	2.401056	0.786133	29.220043	21.404915

2014-7-21	21:08:50	28.490206	12.167696	2.427026	0.749512	29.531313	21.353743

2014-7-21	21:09:20	28.401503	12.161786	2.395154	0.739746	29.129345	21.009901

2014-7-21	21:09:50	28.131718	12.153906	2.432929	0.749512	29.569588	21.085052

2014-7-21	21:10:20	30.184685	12.151935	2.389251	0.686035	29.034027	20.707754

2014-7-21	21:10:51	28.654661	12.142087	2.410500	0.703125	29.268496	20.147808

2014-7-21	21:11:21	27.303871	12.136174	2.412860	0.693359	29.282894	18.931395

2014-7-21	21:11:51	30.670671	12.130264	2.384530	0.629883	28.924974	19.318930

2014-7-21	21:12:21	31.069801	12.124355	2.359740	0.559082	28.610327	17.370567

2014-7-21	21:12:51	30.696539	12.114505	2.393973	0.573730	29.001799	17.611540

2014-7-21	21:13:21	28.985420	12.114505	2.424665	0.563965	29.373615	16.346758

2014-7-21	21:13:51	28.085520	12.114505	2.435290	0.563965	29.502327	15.839246

2014-7-21	21:14:21	31.149261	12.114505	2.373905	0.522461	28.758686	16.274273

2014-7-21	21:14:51	30.197622	12.114505	2.392792	0.515137	28.987495	15.555904

2014-7-21	21:15:21	29.955549	12.114505	2.347935	0.512695	28.444075	15.358069

2014-7-21	21:15:51	29.739347	12.114505	2.409319	0.515137	29.187708	15.319830

2014-7-21	21:16:21	28.678686	12.114505	2.421124	0.512695	29.330715	14.703428

2014-7-21	21:16:51	29.345757	12.114505	2.447093	0.500488	29.645327	14.687207

2014-7-21	21:17:21	30.249361	12.114505	2.409319	0.490723	29.187708	14.844047

2014-7-21	21:17:51	29.776308	12.114505	2.416402	0.500488	29.273512	14.902693

2014-7-21	21:18:21	29.720869	12.114505	2.424665	0.480957	29.373615	14.294461

2014-7-21	21:18:51	29.212708	12.112535	2.392793	0.476074	28.982786	13.907417

2014-7-21	21:19:21	29.462170	12.108596	2.431748	0.446777	29.445049	13.163030

2014-7-21	21:19:51	29.606304	12.104656	2.378627	0.439453	28.792463	13.010583

2014-7-21	21:20:21	29.641415	12.106626	2.399875	0.424805	29.054394	12.591812

2014-7-21	21:20:51	28.224110	12.098748	2.405778	0.427246	29.106899	12.058640

2014-7-21	21:21:22	29.781855	12.098748	2.344393	0.400391	28.364227	11.924376

2014-7-21	21:21:52	28.054108	12.084960	2.410500	0.415039	29.130796	11.643551

2014-7-21	21:22:22	29.925982	12.086929	2.429387	0.380859	29.363827	11.397591

2014-7-21	21:22:52	28.482813	12.081021	2.410500	0.388184	29.121296	11.056561

2014-7-21	21:23:22	29.063038	12.077084	2.409319	0.383301	29.097544	11.139885

2014-7-21	21:23:52	27.496054	12.067234	2.403416	0.373535	29.002588	10.270742

2014-7-21	21:24:22	28.203787	12.069203	2.397515	0.329590	28.936090	9.295682

2014-7-21	21:24:52	28.482811	12.071174	2.408138	0.329590	29.069056	9.387645

2014-7-21	21:25:22	27.350071	12.059356	2.430567	0.349121	29.311075	9.548487

2014-7-21	21:25:52	28.004217	12.057386	2.449455	0.317383	29.534023	8.888057

2014-7-21	21:26:22	26.553650	12.057386	2.365642	0.341797	28.523460	9.075954

2014-7-21	21:26:52	27.684534	12.055417	2.347935	0.312500	28.305338	8.651417

2014-7-21	21:27:22	26.318972	12.055417	2.358559	0.327148	28.433409	8.610210

2014-7-21	21:27:52	26.817896	12.055417	2.417583	0.312500	29.144968	8.380592

2014-7-21	21:28:22	27.359316	12.055417	2.416402	0.288086	29.130735	7.881834

2014-7-21	21:28:52	25.165916	12.055417	2.417582	0.307617	29.144960	7.741468

2014-7-21	21:29:22	25.788639	12.055417	2.380988	0.302734	28.703808	7.807107

2014-7-21	21:29:52	26.998983	12.055417	2.389251	0.270996	28.803419	7.316619

2014-7-21	21:30:22	24.759386	12.055417	2.417582	0.288086	29.144962	7.132831

2014-7-21	21:30:52	24.931236	12.055417	2.406958	0.283203	29.016886	7.060604

2014-7-21	21:31:22	27.024855	12.055417	2.380988	0.239258	28.703804	6.465908

2014-7-21	21:31:53	24.576448	12.055417	2.396334	0.280762	28.888811	6.900126

2014-7-21	21:32:23	24.672539	12.055417	2.375086	0.266113	28.632647	6.565690

2014-7-21	21:32:53	25.006998	12.055417	2.378627	0.253906	28.675344	6.349433

2014-7-21	21:33:23	26.610937	12.055417	2.390432	0.231934	28.817650	6.171970

2014-7-21	21:33:53	25.127110	12.055417	2.401056	0.246582	28.945728	6.195894

2014-7-21	21:34:23	25.171459	12.055417	2.427026	0.236816	29.258808	5.961014

2014-7-21	21:34:53	23.865025	12.055417	2.390432	0.249023	28.817650	5.942950

2014-7-21	21:35:23	25.590921	12.055417	2.410499	0.224609	29.059574	5.747961

2014-7-21	21:35:53	23.356865	12.055417	2.355018	0.236816	28.390726	5.531289

2014-7-21	21:36:23	25.147436	12.055417	2.376266	0.217285	28.646877	5.464165

2014-7-21	21:36:53	23.922312	12.055417	2.412861	0.219727	29.088041	5.256367

2014-7-21	21:37:23	24.735363	12.055417	2.423485	0.212402	29.216120	5.253849

2014-7-21	21:37:53	24.951563	12.055417	2.419943	0.200195	29.173426	4.995186

2014-7-21	21:38:23	18.968210	12.055417	2.384530	0.214844	28.746498	4.075202

2014-7-21	21:38:53	7.138257	12.055417	2.395154	0.244141	28.874575	1.742738

2014-7-21	21:39:23	4.566045	12.055417	2.411680	0.258789	29.073805	1.181643

2014-7-21	21:39:53	4.458870	12.055417	2.412860	0.263672	29.088036	1.175679

2014-7-21	21:40:23	4.414521	12.055417	2.384530	0.249023	28.746498	1.099319

2014-7-21	21:40:53	4.449630	12.051477	2.412860	0.241699	29.078533	1.075472

2014-7-21	21:41:23	4.569741	12.055417	2.415221	0.253906	29.116503	1.160286

2014-7-21	21:41:53	19.703657	12.051477	2.377447	0.122070	28.651745	2.405231

2014-7-21	21:42:24	12.824100	12.055417	2.401056	0.222168	28.945728	2.849104

2014-7-21	21:42:54	4.514305	12.047537	2.385710	0.234375	28.741924	1.058040

2014-7-21	21:43:24	4.486588	12.051477	2.393973	0.227051	28.850910	1.018683

2014-7-21	21:43:54	4.551263	12.049508	2.432929	0.239258	29.315592	1.088925

2014-7-21	21:44:24	4.462565	12.049508	2.417583	0.234375	29.130680	1.045914

2014-7-21	21:44:54	4.493979	12.049508	2.415221	0.229492	29.102230	1.031333

2014-7-21	21:45:24	4.431152	12.047537	2.422304	0.231934	29.182796	1.027733

2014-7-21	21:45:54	12.896167	12.045568	2.382169	0.139160	28.694572	1.794633

2014-7-21	21:46:24	18.624510	12.055417	2.368003	0.178223	28.547262	3.319310

2014-7-21	21:46:54	4.874637	12.047537	2.411680	0.222168	29.054810	1.082988

2014-7-21	21:47:24	4.388651	12.045568	2.425846	0.217285	29.220688	0.953589

2014-7-21	21:47:54	4.538327	12.039658	2.404597	0.227051	28.950527	1.030431

2014-7-21	21:48:24	4.431152	12.039658	2.432928	0.227051	29.291624	1.006096

2014-7-21	21:48:54	4.508762	12.039658	2.384529	0.217285	28.708918	0.979687

2014-7-21	21:49:24	4.560501	12.039657	2.398695	0.219727	28.879457	1.002063

2014-7-21	21:49:54	4.503218	12.033748	2.406958	0.219727	28.964724	0.989477

2014-7-21	21:50:24	4.540175	12.033748	2.425846	0.212402	29.192017	0.964344

2014-7-21	21:50:54	4.542023	12.037688	2.386890	0.217285	28.732643	0.986914

2014-7-21	21:51:24	4.534632	12.031775	2.442372	0.219727	29.386076	0.996379

2014-7-21	21:51:54	4.442239	12.029806	2.415221	0.209961	29.054644	0.932697

2014-7-21	21:52:24	4.397891	12.033748	2.399876	0.209961	28.879498	0.923385

2014-7-21	21:52:55	4.401587	12.027837	2.393973	0.209961	28.794317	0.924161

2014-7-21	21:53:25	4.564198	12.029807	2.438831	0.212402	29.338667	0.969446

2014-7-21	21:53:55	4.464414	12.027838	2.375086	0.200195	28.567144	0.893755

2014-7-21	21:54:25	4.573438	12.035718	2.380988	0.200195	28.656898	0.915581

2014-7-21	21:54:55	4.434847	12.031778	2.430568	0.192871	29.244049	0.855354

2014-7-21	21:55:25	4.488435	12.021926	2.384529	0.207520	28.666636	0.931438

2014-7-21	21:55:55	4.503218	12.023897	2.421124	0.187988	29.111343	0.846552

2014-7-21	21:56:25	4.427455	12.016017	2.421124	0.212402	29.092260	0.940402

2014-7-21	21:56:55	4.401586	12.014047	2.435289	0.200195	29.257677	0.881177

2014-7-21	21:57:25	4.429303	12.016017	2.431748	0.183105	29.219927	0.811030

2014-7-21	21:57:55	4.408977	12.014048	2.448274	0.185547	29.413683	0.818072

2014-7-21	21:58:25	4.403434	12.021927	2.422304	0.178223	29.120766	0.784792

2014-7-21	21:58:55	4.499521	12.016017	2.410500	0.190430	28.964603	0.856842

2014-7-21	21:59:25	4.586371	12.014048	2.431748	0.166016	29.215136	0.761409

2014-7-21	21:59:55	4.623328	12.014048	2.379807	0.166016	28.591120	0.767545

2014-7-21	22:00:25	4.558654	12.012076	2.408139	0.170898	28.926746	0.779067

2014-7-21	22:00:55	4.440391	12.014048	2.384530	0.183105	28.647852	0.813060

2014-7-21	22:01:25	4.493979	12.016018	2.389251	0.180664	28.709286	0.811900

2014-7-21	22:01:55	4.475501	12.016018	2.427026	0.161133	29.163189	0.721150

2014-7-21	22:02:25	4.460717	12.010106	2.417582	0.156250	29.035418	0.696987

2014-7-21	22:02:55	4.536479	12.008136	2.410500	0.166016	28.945606	0.753127

2014-7-21	22:03:26	4.460717	12.016017	2.415221	0.166016	29.021341	0.740549

2014-7-21	22:03:56	12.325182	12.021929	2.378627	0.104980	28.595688	1.293903

2014-7-21	22:04:26	17.000250	12.039656	2.410500	0.095215	29.021585	1.618676

2014-7-21	22:04:56	4.471804	12.000257	2.416402	0.144043	28.997442	0.644132

2014-7-21	22:05:26	4.542023	12.006167	2.423485	0.141602	29.096762	0.643157

2014-7-21	22:05:56	4.525393	12.004196	2.415222	0.148926	28.992794	0.673948

2014-7-21	22:06:26	21.810211	12.043597	2.410500	0.061035	29.031086	1.331190

2014-7-21	22:06:56	8.840130	12.017987	2.402236	0.139160	28.870047	1.230194

2014-7-21	22:07:26	4.484740	11.996317	2.378627	0.141602	28.534767	0.635046

2014-7-21	22:07:56	4.458870	12.000257	2.401056	0.146484	28.813286	0.653155

2014-7-21	22:08:26	4.420065	11.998286	2.424665	0.144043	29.091824	0.636679

2014-7-21	22:08:56	4.527239	12.000257	2.427026	0.131836	29.124931	0.596853

2014-7-21	22:09:26	18.979300	12.029809	2.395154	0.046387	28.813240	0.880387

2014-7-21	22:09:56	10.599288	12.016016	2.376266	0.134277	28.553253	1.423244

2014-7-21	22:10:26	22.030107	12.039658	2.393974	0.036621	28.822622	0.806767

2014-7-21	22:10:56	15.523814	12.023899	2.417583	0.056152	29.068768	0.871699

2014-7-21	22:11:26	15.954364	12.027836	2.391612	0.078125	28.765917	1.246435

2014-7-21	22:11:56	4.713874	12.002227	2.393973	0.114746	28.733006	0.540899

2014-7-21	22:12:26	4.669525	11.998287	2.432929	0.109863	29.190975	0.513009

2014-7-21	22:12:56	4.601154	11.996317	2.389251	0.104980	28.662214	0.483031

2014-7-21	22:13:26	4.638112	11.996317	2.390432	0.102539	28.676376	0.475588

2014-7-21	22:13:56	4.503218	11.996317	2.370364	0.100098	28.435640	0.450762

2014-7-21	22:14:27	4.503219	11.996317	2.423485	0.100098	29.072891	0.450762

2014-7-21	22:14:57	4.392348	11.998287	2.414041	0.102539	28.964357	0.450387

2014-7-21	22:15:27	4.591916	11.996317	2.428206	0.102539	29.129532	0.470851

2014-7-21	22:15:57	4.493979	11.996317	2.421124	0.090332	29.044571	0.405950

2014-7-21	22:16:27	4.458869	11.996317	2.402236	0.085449	28.817989	0.381007

2014-7-21	22:16:57	4.418216	11.996317	2.414041	0.104980	28.959600	0.463826

2014-7-21	22:17:27	4.421912	11.996317	2.441191	0.102539	29.285307	0.453419

2014-7-21	22:17:57	4.453325	11.996317	2.419943	0.087891	29.030407	0.391406

2014-7-21	22:18:27	4.408977	11.996317	2.390432	0.092773	28.676378	0.409036

2014-7-21	22:18:57	21.490532	12.019956	2.416402	0.017090	29.045044	0.367270

2014-7-21	22:19:27	5.586060	11.996317	2.372725	0.078125	28.463961	0.436411

2014-7-21	22:19:57	4.386803	11.996317	2.424665	0.095215	29.087049	0.417689

2014-7-21	22:20:27	4.479197	11.996317	2.431748	0.087891	29.172018	0.393679

2014-7-21	22:20:57	4.569741	11.996317	2.402236	0.085449	28.817989	0.390481

2014-7-21	22:21:27	4.501370	11.996317	2.402236	0.068359	28.817987	0.307711

2014-7-21	22:21:57	4.573436	11.996317	2.431748	0.078125	29.172018	0.357300

2014-7-21	22:22:27	4.412673	11.996317	2.449455	0.083008	29.384436	0.366286

2014-7-21	22:22:57	4.431151	11.996317	2.393973	0.075684	28.718863	0.335365

2014-7-21	22:23:27	4.381259	11.996317	2.377447	0.063477	28.520603	0.278107

2014-7-21	22:23:57	4.514306	11.996317	2.382168	0.048828	28.577244	0.220425

2014-7-21	22:24:27	4.410826	11.996317	2.427026	0.065918	29.115368	0.290753

2014-7-21	22:24:58	4.388651	11.996317	2.425845	0.058594	29.101210	0.257148

2014-7-21	22:25:28	4.486588	11.996317	2.421124	0.065918	29.044567	0.295747

2014-7-21	22:25:58	4.512457	11.996317	2.430567	0.058594	29.157856	0.264402

2014-7-21	22:26:28	4.403434	11.996317	2.417583	0.068359	29.002087	0.301016

2014-7-21	22:26:58	4.383108	11.996317	2.419943	0.068359	29.030407	0.299627

2014-7-21	22:27:28	6.576509	12.000257	2.383349	0.046387	28.600801	0.305063

2014-7-21	22:27:58	16.525352	12.004196	2.423485	0.036621	29.091984	0.605177

2014-7-21	22:28:28	4.436696	11.996317	2.373905	0.048828	28.478121	0.216636

2014-7-21	22:28:58	17.833632	12.006166	2.410500	0.031738	28.940857	0.566009

2014-7-21	22:29:28	4.782245	11.996317	2.390431	0.026855	28.676373	0.128429

2014-7-21	22:29:58	4.333216	11.996317	2.395153	0.048828	28.733017	0.211583

2014-7-21	22:30:28	14.980547	12.004197	2.410500	0.004883	28.936111	0.073147

2014-7-21	22:30:58	7.727722	11.996317	2.398695	0.021973	28.775499	0.169799

2014-7-21	22:31:28	17.613739	12.002226	2.419943	-0.004883	29.044704	-0.086005

2014-7-21	22:31:58	7.871856	11.998287	2.417582	0.039062	29.006847	0.307494

2014-7-21	22:32:28	14.766194	11.996317	2.448274	0.007324	29.370272	0.108151

2014-7-21	22:32:58	15.509033	12.008136	2.414041	-0.007324	28.988127	-0.113592

2014-7-21	22:33:28	7.110538	11.996317	2.419943	0.034180	29.030407	0.243036

2014-7-21	22:33:58	4.603002	11.996317	2.462440	0.026855	29.540209	0.123616

2014-7-21	22:34:28	14.222926	11.998287	2.404598	-0.007324	28.851051	-0.104172

2014-7-21	22:34:59	12.846274	11.998286	2.418763	-0.004883	29.021009	-0.062726

2014-7-21	22:35:29	6.025848	11.996317	2.405777	0.024414	28.860468	0.147115

2014-7-21	22:35:59	4.518001	11.996317	2.422304	0.024414	29.058723	0.110303

2014-7-21	22:36:29	4.464414	11.996317	2.440011	0.036621	29.271143	0.163492

2014-7-21	22:36:59	12.766818	11.998286	2.406958	0.012207	28.879375	0.155845

2014-7-21	22:37:29	9.900799	11.996317	2.422304	0.014648	29.058731	0.145031

2014-7-21	22:37:59	4.462565	11.996317	2.379808	0.029297	28.548927	0.130739

2014-7-21	22:38:29	4.495827	11.996317	2.436470	0.039062	29.228664	0.175618

2014-7-21	22:38:59	4.481043	11.996317	2.427026	0.017090	29.115370	0.076580

2014-7-21	22:39:29	4.501370	11.996317	2.384529	0.017090	28.605570	0.076928

2014-7-21	22:39:59	4.549414	11.996317	2.371544	0.024414	28.449795	0.111070

2014-7-21	22:40:29	4.434847	11.996317	2.372725	0.021973	28.463964	0.097445

2014-7-21	22:40:59	4.449630	11.996317	2.416402	0.012207	28.987923	0.054317

2014-7-21	22:41:29	4.436695	11.996317	2.417582	0.021973	29.002083	0.097486

2014-7-21	22:41:59	4.484739	11.996317	2.390432	0.009766	28.676376	0.043796

2014-7-21	22:42:29	4.433000	11.996317	2.350296	0.002441	28.194897	0.010823

2014-7-21	22:42:59	4.394195	11.996317	2.431748	0.009766	29.172016	0.042912

2014-7-21	22:43:29	4.549415	11.996317	2.401056	-0.000000	28.803827	-0.000000

2014-7-21	22:43:59	4.392347	11.996317	2.397514	0.007324	28.761341	0.032171

2014-7-21	22:44:30	4.492132	11.996317	2.358559	0.009766	28.294025	0.043868

2014-7-21	22:45:00	4.412673	11.996317	2.417582	-0.000000	29.002083	-0.000000

2014-7-21	22:45:30	4.407129	11.996317	2.395154	0.017090	28.733021	0.075317

2014-7-21	22:46:00	4.414522	11.996317	2.393973	-0.004883	28.718861	-0.021555

2014-7-21	22:46:30	4.408978	11.996317	2.461259	0.002441	29.526047	0.010764

2014-7-21	22:47:00	4.497674	11.996317	2.438831	-0.014648	29.256985	-0.065884

2014-7-21	22:47:30	4.469957	11.996317	2.457718	0.014648	29.483562	0.065478

2014-7-21	22:48:00	10.569721	11.996317	2.418763	-0.019531	29.016247	-0.206440

2014-7-21	22:48:30	11.185056	11.996317	2.383349	-0.019531	28.591406	-0.218458

2014-7-21	22:49:00	13.382154	11.996317	2.441192	-0.019531	29.285309	-0.261370

2014-7-21	22:49:30	5.735737	11.996317	2.364461	-0.004883	28.364828	-0.028007

2014-7-21	22:50:00	10.444067	11.996317	2.346755	-0.012207	28.152414	-0.127491

2014-7-21	22:50:30	10.931899	11.996317	2.397514	-0.017090	28.761341	-0.186824

2014-7-21	22:51:00	7.212171	11.996317	2.435289	0.007324	29.214500	0.052824

2014-7-21	22:51:30	8.555561	11.996317	2.396334	-0.017090	28.747185	-0.146213

2014-7-21	22:52:00	7.025537	11.996317	2.428207	-0.009766	29.129538	-0.068609

2014-7-21	22:52:30	14.119447	11.996317	2.385710	-0.026855	28.619728	-0.379184

2014-7-21	22:53:00	11.634084	11.996317	2.372725	-0.021973	28.463959	-0.255632

2014-7-21	22:53:30	11.665496	11.996317	2.398695	-0.034180	28.775511	-0.398723

2014-7-21	22:54:00	6.794556	11.996317	2.421123	-0.026855	29.044561	-0.182471

2014-7-21	22:54:30	11.615606	11.996317	2.388071	-0.036621	28.648054	-0.425376

2014-7-21	22:55:01	10.194607	11.996317	2.425846	-0.034180	29.101215	-0.348448

2014-7-21	22:55:31	4.403434	11.996317	2.422304	-0.009766	29.058725	-0.043002

2014-7-21	22:56:01	4.381260	11.996317	2.422304	-0.019531	29.058725	-0.085571

2014-7-21	22:56:31	4.405283	11.996317	2.392792	-0.024414	28.704697	-0.107551

2014-7-21	22:57:01	4.346151	11.996317	2.384530	-0.012207	28.605572	-0.053054

2014-7-21	22:57:31	4.662134	11.996317	2.342033	-0.012207	28.095772	-0.056911

2014-7-21	22:58:01	4.440391	11.996317	2.382169	-0.019531	28.577250	-0.086726

2014-7-21	22:58:31	9.878623	11.996317	2.386890	-0.024414	28.633890	-0.241177

2014-7-21	22:59:01	10.961466	11.996317	2.368003	-0.031738	28.407312	-0.347898

2014-7-21	22:59:31	9.634707	11.996317	2.391613	-0.043945	28.690542	-0.423400

